{"C:\\Users\\Usuario\\Desktop\\pokeapi\\src\\main.tsx": {"path":"C:\\Users\\Usuario\\Desktop\\pokeapi\\src\\main.tsx","all":true,"statementMap":{"0":{"start":{"line":1,"column":0},"end":{"line":1,"column":34}},"1":{"start":{"line":2,"column":0},"end":{"line":2,"column":45}},"2":{"start":{"line":3,"column":0},"end":{"line":3,"column":52}},"3":{"start":{"line":4,"column":0},"end":{"line":4,"column":19}},"4":{"start":{"line":5,"column":0},"end":{"line":5,"column":75}},"6":{"start":{"line":7,"column":0},"end":{"line":7,"column":52}},"7":{"start":{"line":8,"column":0},"end":{"line":8,"column":14}},"8":{"start":{"line":9,"column":0},"end":{"line":9,"column":21}},"9":{"start":{"line":10,"column":0},"end":{"line":10,"column":13}}},"s":{"0":0,"1":0,"2":0,"3":0,"4":0,"6":0,"7":0,"8":0,"9":0},"branchMap":{"0":{"type":"branch","line":1,"loc":{"start":{"line":1,"column":376},"end":{"line":13,"column":1}},"locations":[{"start":{"line":1,"column":376},"end":{"line":13,"column":1}}]}},"b":{"0":[0]},"fnMap":{"0":{"name":"(empty-report)","decl":{"start":{"line":1,"column":376},"end":{"line":13,"column":1}},"loc":{"start":{"line":1,"column":376},"end":{"line":13,"column":1}},"line":1}},"f":{"0":0}}
,"C:\\Users\\Usuario\\Desktop\\pokeapi\\src\\application\\application_services\\GetAllPokemonServiceImpl.ts": {"path":"C:\\Users\\Usuario\\Desktop\\pokeapi\\src\\application\\application_services\\GetAllPokemonServiceImpl.ts","all":false,"statementMap":{"0":{"start":{"line":1,"column":0},"end":{"line":1,"column":111}},"5":{"start":{"line":6,"column":0},"end":{"line":6,"column":70}},"6":{"start":{"line":7,"column":0},"end":{"line":7,"column":100}},"7":{"start":{"line":8,"column":0},"end":{"line":8,"column":61}},"8":{"start":{"line":9,"column":0},"end":{"line":9,"column":64}},"10":{"start":{"line":11,"column":0},"end":{"line":11,"column":96}},"11":{"start":{"line":12,"column":0},"end":{"line":12,"column":113}},"12":{"start":{"line":13,"column":0},"end":{"line":13,"column":22}},"13":{"start":{"line":14,"column":0},"end":{"line":14,"column":5}},"14":{"start":{"line":15,"column":0},"end":{"line":15,"column":1}}},"s":{"0":1,"5":1,"6":1,"7":3,"8":3,"10":3,"11":1,"12":1,"13":1,"14":1},"branchMap":{"0":{"type":"branch","line":7,"loc":{"start":{"line":7,"column":4},"end":{"line":14,"column":5}},"locations":[{"start":{"line":7,"column":4},"end":{"line":14,"column":5}}]},"1":{"type":"branch","line":11,"loc":{"start":{"line":11,"column":83},"end":{"line":14,"column":5}},"locations":[{"start":{"line":11,"column":83},"end":{"line":14,"column":5}}]}},"b":{"0":[3],"1":[1]},"fnMap":{"0":{"name":"GetAllPokemon","decl":{"start":{"line":7,"column":4},"end":{"line":14,"column":5}},"loc":{"start":{"line":7,"column":4},"end":{"line":14,"column":5}},"line":7}},"f":{"0":3}}
,"C:\\Users\\Usuario\\Desktop\\pokeapi\\src\\application\\usecase\\GetDetailsUseCaseImpl.ts": {"path":"C:\\Users\\Usuario\\Desktop\\pokeapi\\src\\application\\usecase\\GetDetailsUseCaseImpl.ts","all":false,"statementMap":{"0":{"start":{"line":1,"column":0},"end":{"line":1,"column":107}},"5":{"start":{"line":6,"column":0},"end":{"line":6,"column":71}},"6":{"start":{"line":7,"column":0},"end":{"line":7,"column":97}},"7":{"start":{"line":8,"column":0},"end":{"line":8,"column":60}},"9":{"start":{"line":10,"column":0},"end":{"line":10,"column":78}},"10":{"start":{"line":11,"column":0},"end":{"line":11,"column":22}},"11":{"start":{"line":12,"column":0},"end":{"line":12,"column":5}},"12":{"start":{"line":13,"column":0},"end":{"line":13,"column":1}}},"s":{"0":1,"5":1,"6":1,"7":1,"9":1,"10":1,"11":1,"12":1},"branchMap":{"0":{"type":"branch","line":7,"loc":{"start":{"line":7,"column":4},"end":{"line":12,"column":5}},"locations":[{"start":{"line":7,"column":4},"end":{"line":12,"column":5}}]}},"b":{"0":[1]},"fnMap":{"0":{"name":"GetDetailsUseCaseImpl","decl":{"start":{"line":7,"column":4},"end":{"line":12,"column":5}},"loc":{"start":{"line":7,"column":4},"end":{"line":12,"column":5}},"line":7}},"f":{"0":1}}
,"C:\\Users\\Usuario\\Desktop\\pokeapi\\src\\application\\usecase\\GetPokemonUseCaseImpl.ts": {"path":"C:\\Users\\Usuario\\Desktop\\pokeapi\\src\\application\\usecase\\GetPokemonUseCaseImpl.ts","all":false,"statementMap":{"0":{"start":{"line":1,"column":0},"end":{"line":1,"column":93}},"4":{"start":{"line":5,"column":0},"end":{"line":5,"column":64}},"5":{"start":{"line":6,"column":0},"end":{"line":6,"column":96}},"6":{"start":{"line":7,"column":0},"end":{"line":7,"column":44}},"8":{"start":{"line":9,"column":0},"end":{"line":9,"column":85}},"10":{"start":{"line":11,"column":0},"end":{"line":11,"column":27}},"11":{"start":{"line":12,"column":0},"end":{"line":12,"column":5}},"12":{"start":{"line":13,"column":0},"end":{"line":13,"column":1}}},"s":{"0":1,"4":1,"5":1,"6":3,"8":3,"10":1,"11":1,"12":1},"branchMap":{"0":{"type":"branch","line":6,"loc":{"start":{"line":6,"column":4},"end":{"line":12,"column":5}},"locations":[{"start":{"line":6,"column":4},"end":{"line":12,"column":5}}]},"1":{"type":"branch","line":9,"loc":{"start":{"line":9,"column":73},"end":{"line":12,"column":5}},"locations":[{"start":{"line":9,"column":73},"end":{"line":12,"column":5}}]}},"b":{"0":[3],"1":[1]},"fnMap":{"0":{"name":"GetPokemonImpl","decl":{"start":{"line":6,"column":4},"end":{"line":12,"column":5}},"loc":{"start":{"line":6,"column":4},"end":{"line":12,"column":5}},"line":6}},"f":{"0":3}}
,"C:\\Users\\Usuario\\Desktop\\pokeapi\\src\\domain\\ports\\application\\application_service\\GetAllPokemonService.ts": {"path":"C:\\Users\\Usuario\\Desktop\\pokeapi\\src\\domain\\ports\\application\\application_service\\GetAllPokemonService.ts","all":true,"statementMap":{"4":{"start":{"line":5,"column":0},"end":{"line":5,"column":1}}},"s":{"4":0},"branchMap":{"0":{"type":"branch","line":1,"loc":{"start":{"line":1,"column":223},"end":{"line":5,"column":1}},"locations":[{"start":{"line":1,"column":223},"end":{"line":5,"column":1}}]}},"b":{"0":[1]},"fnMap":{"0":{"name":"(empty-report)","decl":{"start":{"line":1,"column":223},"end":{"line":5,"column":1}},"loc":{"start":{"line":1,"column":223},"end":{"line":5,"column":1}},"line":1}},"f":{"0":1}}
,"C:\\Users\\Usuario\\Desktop\\pokeapi\\src\\domain\\ports\\application\\usecase\\GetDetailsPokemonUseCase.ts": {"path":"C:\\Users\\Usuario\\Desktop\\pokeapi\\src\\domain\\ports\\application\\usecase\\GetDetailsPokemonUseCase.ts","all":true,"statementMap":{"5":{"start":{"line":6,"column":0},"end":{"line":6,"column":1}}},"s":{"5":0},"branchMap":{"0":{"type":"branch","line":1,"loc":{"start":{"line":1,"column":303},"end":{"line":6,"column":1}},"locations":[{"start":{"line":1,"column":303},"end":{"line":6,"column":1}}]}},"b":{"0":[1]},"fnMap":{"0":{"name":"(empty-report)","decl":{"start":{"line":1,"column":303},"end":{"line":6,"column":1}},"loc":{"start":{"line":1,"column":303},"end":{"line":6,"column":1}},"line":1}},"f":{"0":1}}
,"C:\\Users\\Usuario\\Desktop\\pokeapi\\src\\domain\\ports\\application\\usecase\\GetPokemonUseCase.ts": {"path":"C:\\Users\\Usuario\\Desktop\\pokeapi\\src\\domain\\ports\\application\\usecase\\GetPokemonUseCase.ts","all":true,"statementMap":{"4":{"start":{"line":5,"column":0},"end":{"line":5,"column":1}}},"s":{"4":0},"branchMap":{"0":{"type":"branch","line":1,"loc":{"start":{"line":1,"column":211},"end":{"line":5,"column":1}},"locations":[{"start":{"line":1,"column":211},"end":{"line":5,"column":1}}]}},"b":{"0":[1]},"fnMap":{"0":{"name":"(empty-report)","decl":{"start":{"line":1,"column":211},"end":{"line":5,"column":1}},"loc":{"start":{"line":1,"column":211},"end":{"line":5,"column":1}},"line":1}},"f":{"0":1}}
,"C:\\Users\\Usuario\\Desktop\\pokeapi\\src\\domain\\ports\\infrastructure\\PokemonDetailsRepository.ts": {"path":"C:\\Users\\Usuario\\Desktop\\pokeapi\\src\\domain\\ports\\infrastructure\\PokemonDetailsRepository.ts","all":true,"statementMap":{"5":{"start":{"line":6,"column":0},"end":{"line":6,"column":1}}},"s":{"5":0},"branchMap":{"0":{"type":"branch","line":1,"loc":{"start":{"line":1,"column":291},"end":{"line":6,"column":1}},"locations":[{"start":{"line":1,"column":291},"end":{"line":6,"column":1}}]}},"b":{"0":[1]},"fnMap":{"0":{"name":"(empty-report)","decl":{"start":{"line":1,"column":291},"end":{"line":6,"column":1}},"loc":{"start":{"line":1,"column":291},"end":{"line":6,"column":1}},"line":1}},"f":{"0":1}}
,"C:\\Users\\Usuario\\Desktop\\pokeapi\\src\\domain\\ports\\infrastructure\\PokemonRepository.ts": {"path":"C:\\Users\\Usuario\\Desktop\\pokeapi\\src\\domain\\ports\\infrastructure\\PokemonRepository.ts","all":true,"statementMap":{"4":{"start":{"line":5,"column":0},"end":{"line":5,"column":1}}},"s":{"4":0},"branchMap":{"0":{"type":"branch","line":1,"loc":{"start":{"line":1,"column":211},"end":{"line":5,"column":1}},"locations":[{"start":{"line":1,"column":211},"end":{"line":5,"column":1}}]}},"b":{"0":[1]},"fnMap":{"0":{"name":"(empty-report)","decl":{"start":{"line":1,"column":211},"end":{"line":5,"column":1}},"loc":{"start":{"line":1,"column":211},"end":{"line":5,"column":1}},"line":1}},"f":{"0":1}}
,"C:\\Users\\Usuario\\Desktop\\pokeapi\\src\\domain\\value_objects\\IMapper.ts": {"path":"C:\\Users\\Usuario\\Desktop\\pokeapi\\src\\domain\\value_objects\\IMapper.ts","all":true,"statementMap":{"2":{"start":{"line":3,"column":0},"end":{"line":3,"column":1}}},"s":{"2":0},"branchMap":{"0":{"type":"branch","line":1,"loc":{"start":{"line":1,"column":61},"end":{"line":3,"column":1}},"locations":[{"start":{"line":1,"column":61},"end":{"line":3,"column":1}}]}},"b":{"0":[1]},"fnMap":{"0":{"name":"(empty-report)","decl":{"start":{"line":1,"column":61},"end":{"line":3,"column":1}},"loc":{"start":{"line":1,"column":61},"end":{"line":3,"column":1}},"line":1}},"f":{"0":1}}
,"C:\\Users\\Usuario\\Desktop\\pokeapi\\src\\infrastructure\\dtos\\DetailsPokemons.ts": {"path":"C:\\Users\\Usuario\\Desktop\\pokeapi\\src\\infrastructure\\dtos\\DetailsPokemons.ts","all":false,"statementMap":{"0":{"start":{"line":1,"column":0},"end":{"line":1,"column":32}},"1":{"start":{"line":2,"column":0},"end":{"line":2,"column":26}},"2":{"start":{"line":3,"column":0},"end":{"line":3,"column":27}},"3":{"start":{"line":4,"column":0},"end":{"line":4,"column":28}},"4":{"start":{"line":5,"column":0},"end":{"line":5,"column":28}},"5":{"start":{"line":6,"column":0},"end":{"line":6,"column":33}},"6":{"start":{"line":7,"column":0},"end":{"line":7,"column":30}},"7":{"start":{"line":8,"column":0},"end":{"line":8,"column":26}},"8":{"start":{"line":9,"column":0},"end":{"line":9,"column":34}},"9":{"start":{"line":10,"column":0},"end":{"line":10,"column":29}},"10":{"start":{"line":11,"column":0},"end":{"line":11,"column":25}},"11":{"start":{"line":12,"column":0},"end":{"line":12,"column":5}},"12":{"start":{"line":13,"column":0},"end":{"line":13,"column":39}},"13":{"start":{"line":14,"column":0},"end":{"line":14,"column":25}},"14":{"start":{"line":15,"column":0},"end":{"line":15,"column":5}},"15":{"start":{"line":16,"column":0},"end":{"line":16,"column":30}},"16":{"start":{"line":17,"column":0},"end":{"line":17,"column":25}},"17":{"start":{"line":18,"column":0},"end":{"line":18,"column":5}},"18":{"start":{"line":19,"column":0},"end":{"line":19,"column":40}},"19":{"start":{"line":20,"column":0},"end":{"line":20,"column":25}},"20":{"start":{"line":21,"column":0},"end":{"line":21,"column":5}},"22":{"start":{"line":23,"column":0},"end":{"line":23,"column":35}},"23":{"start":{"line":24,"column":0},"end":{"line":24,"column":31}},"24":{"start":{"line":25,"column":0},"end":{"line":25,"column":26}},"25":{"start":{"line":26,"column":0},"end":{"line":26,"column":5}},"26":{"start":{"line":27,"column":0},"end":{"line":27,"column":42}},"27":{"start":{"line":28,"column":0},"end":{"line":28,"column":27}},"28":{"start":{"line":29,"column":0},"end":{"line":29,"column":5}},"30":{"start":{"line":31,"column":0},"end":{"line":31,"column":36}},"31":{"start":{"line":32,"column":0},"end":{"line":32,"column":32}},"32":{"start":{"line":33,"column":0},"end":{"line":33,"column":27}},"33":{"start":{"line":34,"column":0},"end":{"line":34,"column":5}},"34":{"start":{"line":35,"column":0},"end":{"line":35,"column":44}},"35":{"start":{"line":36,"column":0},"end":{"line":36,"column":29}},"36":{"start":{"line":37,"column":0},"end":{"line":37,"column":5}},"38":{"start":{"line":39,"column":0},"end":{"line":39,"column":36}},"39":{"start":{"line":40,"column":0},"end":{"line":40,"column":32}},"40":{"start":{"line":41,"column":0},"end":{"line":41,"column":27}},"41":{"start":{"line":42,"column":0},"end":{"line":42,"column":5}},"42":{"start":{"line":43,"column":0},"end":{"line":43,"column":44}},"43":{"start":{"line":44,"column":0},"end":{"line":44,"column":29}},"44":{"start":{"line":45,"column":0},"end":{"line":45,"column":5}},"46":{"start":{"line":47,"column":0},"end":{"line":47,"column":39}},"47":{"start":{"line":48,"column":0},"end":{"line":48,"column":37}},"48":{"start":{"line":49,"column":0},"end":{"line":49,"column":30}},"49":{"start":{"line":50,"column":0},"end":{"line":50,"column":5}},"50":{"start":{"line":51,"column":0},"end":{"line":51,"column":52}},"51":{"start":{"line":52,"column":0},"end":{"line":52,"column":35}},"52":{"start":{"line":53,"column":0},"end":{"line":53,"column":5}},"53":{"start":{"line":54,"column":0},"end":{"line":54,"column":33}},"54":{"start":{"line":55,"column":0},"end":{"line":55,"column":26}},"55":{"start":{"line":56,"column":0},"end":{"line":56,"column":7}},"57":{"start":{"line":58,"column":0},"end":{"line":58,"column":46}},"58":{"start":{"line":59,"column":0},"end":{"line":59,"column":27}},"59":{"start":{"line":60,"column":0},"end":{"line":60,"column":7}},"61":{"start":{"line":62,"column":0},"end":{"line":62,"column":64}},"62":{"start":{"line":63,"column":0},"end":{"line":63,"column":37}},"63":{"start":{"line":64,"column":0},"end":{"line":64,"column":101}},"64":{"start":{"line":65,"column":0},"end":{"line":65,"column":5}},"65":{"start":{"line":66,"column":0},"end":{"line":66,"column":1}}},"s":{"0":1,"1":1,"2":1,"3":1,"4":1,"5":1,"6":1,"7":1,"8":1,"9":1,"10":0,"11":0,"12":1,"13":6,"14":6,"15":1,"16":2,"17":2,"18":1,"19":7,"20":7,"22":1,"23":1,"24":2,"25":2,"26":1,"27":7,"28":7,"30":1,"31":1,"32":2,"33":2,"34":1,"35":7,"36":7,"38":1,"39":1,"40":1,"41":1,"42":1,"43":7,"44":7,"46":1,"47":1,"48":1,"49":1,"50":1,"51":7,"52":7,"53":1,"54":3,"55":3,"57":1,"58":7,"59":7,"61":1,"62":1,"63":0,"64":0,"65":1},"branchMap":{"0":{"type":"branch","line":13,"loc":{"start":{"line":13,"column":11},"end":{"line":15,"column":5}},"locations":[{"start":{"line":13,"column":11},"end":{"line":15,"column":5}}]},"1":{"type":"branch","line":16,"loc":{"start":{"line":16,"column":11},"end":{"line":18,"column":5}},"locations":[{"start":{"line":16,"column":11},"end":{"line":18,"column":5}}]},"2":{"type":"branch","line":19,"loc":{"start":{"line":19,"column":11},"end":{"line":21,"column":5}},"locations":[{"start":{"line":19,"column":11},"end":{"line":21,"column":5}}]},"3":{"type":"branch","line":24,"loc":{"start":{"line":24,"column":11},"end":{"line":26,"column":5}},"locations":[{"start":{"line":24,"column":11},"end":{"line":26,"column":5}}]},"4":{"type":"branch","line":27,"loc":{"start":{"line":27,"column":11},"end":{"line":29,"column":5}},"locations":[{"start":{"line":27,"column":11},"end":{"line":29,"column":5}}]},"5":{"type":"branch","line":32,"loc":{"start":{"line":32,"column":11},"end":{"line":34,"column":5}},"locations":[{"start":{"line":32,"column":11},"end":{"line":34,"column":5}}]},"6":{"type":"branch","line":35,"loc":{"start":{"line":35,"column":11},"end":{"line":37,"column":5}},"locations":[{"start":{"line":35,"column":11},"end":{"line":37,"column":5}}]},"7":{"type":"branch","line":40,"loc":{"start":{"line":40,"column":11},"end":{"line":42,"column":5}},"locations":[{"start":{"line":40,"column":11},"end":{"line":42,"column":5}}]},"8":{"type":"branch","line":43,"loc":{"start":{"line":43,"column":11},"end":{"line":45,"column":5}},"locations":[{"start":{"line":43,"column":11},"end":{"line":45,"column":5}}]},"9":{"type":"branch","line":48,"loc":{"start":{"line":48,"column":11},"end":{"line":50,"column":5}},"locations":[{"start":{"line":48,"column":11},"end":{"line":50,"column":5}}]},"10":{"type":"branch","line":51,"loc":{"start":{"line":51,"column":11},"end":{"line":53,"column":5}},"locations":[{"start":{"line":51,"column":11},"end":{"line":53,"column":5}}]},"11":{"type":"branch","line":54,"loc":{"start":{"line":54,"column":11},"end":{"line":56,"column":7}},"locations":[{"start":{"line":54,"column":11},"end":{"line":56,"column":7}}]},"12":{"type":"branch","line":58,"loc":{"start":{"line":58,"column":13},"end":{"line":60,"column":7}},"locations":[{"start":{"line":58,"column":13},"end":{"line":60,"column":7}}]}},"b":{"0":[6],"1":[2],"2":[7],"3":[2],"4":[7],"5":[2],"6":[7],"7":[1],"8":[7],"9":[1],"10":[7],"11":[3],"12":[7]},"fnMap":{"0":{"name":"getCount","decl":{"start":{"line":10,"column":11},"end":{"line":12,"column":5}},"loc":{"start":{"line":10,"column":11},"end":{"line":12,"column":5}},"line":10},"1":{"name":"setCount","decl":{"start":{"line":13,"column":11},"end":{"line":15,"column":5}},"loc":{"start":{"line":13,"column":11},"end":{"line":15,"column":5}},"line":13},"2":{"name":"getName","decl":{"start":{"line":16,"column":11},"end":{"line":18,"column":5}},"loc":{"start":{"line":16,"column":11},"end":{"line":18,"column":5}},"line":16},"3":{"name":"setName","decl":{"start":{"line":19,"column":11},"end":{"line":21,"column":5}},"loc":{"start":{"line":19,"column":11},"end":{"line":21,"column":5}},"line":19},"4":{"name":"getImage","decl":{"start":{"line":24,"column":11},"end":{"line":26,"column":5}},"loc":{"start":{"line":24,"column":11},"end":{"line":26,"column":5}},"line":24},"5":{"name":"setImage","decl":{"start":{"line":27,"column":11},"end":{"line":29,"column":5}},"loc":{"start":{"line":27,"column":11},"end":{"line":29,"column":5}},"line":27},"6":{"name":"getHeight","decl":{"start":{"line":32,"column":11},"end":{"line":34,"column":5}},"loc":{"start":{"line":32,"column":11},"end":{"line":34,"column":5}},"line":32},"7":{"name":"setHeight","decl":{"start":{"line":35,"column":11},"end":{"line":37,"column":5}},"loc":{"start":{"line":35,"column":11},"end":{"line":37,"column":5}},"line":35},"8":{"name":"getWeight","decl":{"start":{"line":40,"column":11},"end":{"line":42,"column":5}},"loc":{"start":{"line":40,"column":11},"end":{"line":42,"column":5}},"line":40},"9":{"name":"setWeight","decl":{"start":{"line":43,"column":11},"end":{"line":45,"column":5}},"loc":{"start":{"line":43,"column":11},"end":{"line":45,"column":5}},"line":43},"10":{"name":"getAbilities","decl":{"start":{"line":48,"column":11},"end":{"line":50,"column":5}},"loc":{"start":{"line":48,"column":11},"end":{"line":50,"column":5}},"line":48},"11":{"name":"setAbilities","decl":{"start":{"line":51,"column":11},"end":{"line":53,"column":5}},"loc":{"start":{"line":51,"column":11},"end":{"line":53,"column":5}},"line":51},"12":{"name":"getTypes","decl":{"start":{"line":54,"column":11},"end":{"line":56,"column":7}},"loc":{"start":{"line":54,"column":11},"end":{"line":56,"column":7}},"line":54},"13":{"name":"setTypes","decl":{"start":{"line":58,"column":13},"end":{"line":60,"column":7}},"loc":{"start":{"line":58,"column":13},"end":{"line":60,"column":7}},"line":58},"14":{"name":"getDescription","decl":{"start":{"line":63,"column":11},"end":{"line":65,"column":5}},"loc":{"start":{"line":63,"column":11},"end":{"line":65,"column":5}},"line":63}},"f":{"0":0,"1":6,"2":2,"3":7,"4":2,"5":7,"6":2,"7":7,"8":1,"9":7,"10":1,"11":7,"12":3,"13":7,"14":0}}
,"C:\\Users\\Usuario\\Desktop\\pokeapi\\src\\infrastructure\\dtos\\ListPokemons.ts": {"path":"C:\\Users\\Usuario\\Desktop\\pokeapi\\src\\infrastructure\\dtos\\ListPokemons.ts","all":false,"statementMap":{"0":{"start":{"line":1,"column":0},"end":{"line":1,"column":29}},"1":{"start":{"line":2,"column":0},"end":{"line":2,"column":27}},"2":{"start":{"line":3,"column":0},"end":{"line":3,"column":33}},"3":{"start":{"line":4,"column":0},"end":{"line":4,"column":37}},"4":{"start":{"line":5,"column":0},"end":{"line":5,"column":40}},"6":{"start":{"line":7,"column":0},"end":{"line":7,"column":29}},"7":{"start":{"line":8,"column":0},"end":{"line":8,"column":25}},"8":{"start":{"line":9,"column":0},"end":{"line":9,"column":5}},"9":{"start":{"line":10,"column":0},"end":{"line":10,"column":39}},"10":{"start":{"line":11,"column":0},"end":{"line":11,"column":25}},"11":{"start":{"line":12,"column":0},"end":{"line":12,"column":5}},"12":{"start":{"line":13,"column":0},"end":{"line":13,"column":35}},"13":{"start":{"line":14,"column":0},"end":{"line":14,"column":24}},"14":{"start":{"line":15,"column":0},"end":{"line":15,"column":5}},"15":{"start":{"line":16,"column":0},"end":{"line":16,"column":45}},"16":{"start":{"line":17,"column":0},"end":{"line":17,"column":23}},"17":{"start":{"line":18,"column":0},"end":{"line":18,"column":5}},"18":{"start":{"line":19,"column":0},"end":{"line":19,"column":39}},"19":{"start":{"line":20,"column":0},"end":{"line":20,"column":28}},"20":{"start":{"line":21,"column":0},"end":{"line":21,"column":5}},"21":{"start":{"line":22,"column":0},"end":{"line":22,"column":53}},"22":{"start":{"line":23,"column":0},"end":{"line":23,"column":31}},"23":{"start":{"line":24,"column":0},"end":{"line":24,"column":5}},"24":{"start":{"line":25,"column":0},"end":{"line":25,"column":38}},"25":{"start":{"line":26,"column":0},"end":{"line":26,"column":27}},"26":{"start":{"line":27,"column":0},"end":{"line":27,"column":5}},"27":{"start":{"line":28,"column":0},"end":{"line":28,"column":50}},"28":{"start":{"line":29,"column":0},"end":{"line":29,"column":29}},"29":{"start":{"line":30,"column":0},"end":{"line":30,"column":5}},"30":{"start":{"line":31,"column":0},"end":{"line":31,"column":1}},"32":{"start":{"line":33,"column":0},"end":{"line":33,"column":26}},"33":{"start":{"line":34,"column":0},"end":{"line":34,"column":17}},"34":{"start":{"line":35,"column":0},"end":{"line":35,"column":16}},"36":{"start":{"line":37,"column":0},"end":{"line":37,"column":44}},"37":{"start":{"line":38,"column":0},"end":{"line":38,"column":25}},"38":{"start":{"line":39,"column":0},"end":{"line":39,"column":23}},"39":{"start":{"line":40,"column":0},"end":{"line":40,"column":5}},"40":{"start":{"line":41,"column":0},"end":{"line":41,"column":1}}},"s":{"0":1,"1":1,"2":1,"3":1,"4":1,"6":1,"7":2,"8":2,"9":1,"10":5,"11":5,"12":1,"13":0,"14":0,"15":1,"16":4,"17":4,"18":1,"19":0,"20":0,"21":1,"22":4,"23":4,"24":1,"25":2,"26":2,"27":1,"28":5,"29":5,"30":1,"32":1,"33":1,"34":1,"36":1,"37":0,"38":0,"39":0,"40":1},"branchMap":{"0":{"type":"branch","line":7,"loc":{"start":{"line":7,"column":11},"end":{"line":9,"column":5}},"locations":[{"start":{"line":7,"column":11},"end":{"line":9,"column":5}}]},"1":{"type":"branch","line":10,"loc":{"start":{"line":10,"column":11},"end":{"line":12,"column":5}},"locations":[{"start":{"line":10,"column":11},"end":{"line":12,"column":5}}]},"2":{"type":"branch","line":16,"loc":{"start":{"line":16,"column":11},"end":{"line":18,"column":5}},"locations":[{"start":{"line":16,"column":11},"end":{"line":18,"column":5}}]},"3":{"type":"branch","line":22,"loc":{"start":{"line":22,"column":11},"end":{"line":24,"column":5}},"locations":[{"start":{"line":22,"column":11},"end":{"line":24,"column":5}}]},"4":{"type":"branch","line":25,"loc":{"start":{"line":25,"column":11},"end":{"line":27,"column":5}},"locations":[{"start":{"line":25,"column":11},"end":{"line":27,"column":5}}]},"5":{"type":"branch","line":28,"loc":{"start":{"line":28,"column":11},"end":{"line":30,"column":5}},"locations":[{"start":{"line":28,"column":11},"end":{"line":30,"column":5}}]}},"b":{"0":[2],"1":[5],"2":[4],"3":[4],"4":[2],"5":[5]},"fnMap":{"0":{"name":"getCount","decl":{"start":{"line":7,"column":11},"end":{"line":9,"column":5}},"loc":{"start":{"line":7,"column":11},"end":{"line":9,"column":5}},"line":7},"1":{"name":"setCount","decl":{"start":{"line":10,"column":11},"end":{"line":12,"column":5}},"loc":{"start":{"line":10,"column":11},"end":{"line":12,"column":5}},"line":10},"2":{"name":"getNext","decl":{"start":{"line":13,"column":11},"end":{"line":15,"column":5}},"loc":{"start":{"line":13,"column":11},"end":{"line":15,"column":5}},"line":13},"3":{"name":"setNext","decl":{"start":{"line":16,"column":11},"end":{"line":18,"column":5}},"loc":{"start":{"line":16,"column":11},"end":{"line":18,"column":5}},"line":16},"4":{"name":"getPrevious","decl":{"start":{"line":19,"column":11},"end":{"line":21,"column":5}},"loc":{"start":{"line":19,"column":11},"end":{"line":21,"column":5}},"line":19},"5":{"name":"setPrevious","decl":{"start":{"line":22,"column":11},"end":{"line":24,"column":5}},"loc":{"start":{"line":22,"column":11},"end":{"line":24,"column":5}},"line":22},"6":{"name":"getResults","decl":{"start":{"line":25,"column":11},"end":{"line":27,"column":5}},"loc":{"start":{"line":25,"column":11},"end":{"line":27,"column":5}},"line":25},"7":{"name":"setResults","decl":{"start":{"line":28,"column":11},"end":{"line":30,"column":5}},"loc":{"start":{"line":28,"column":11},"end":{"line":30,"column":5}},"line":28},"8":{"name":"PokemonList","decl":{"start":{"line":37,"column":4},"end":{"line":40,"column":5}},"loc":{"start":{"line":37,"column":4},"end":{"line":40,"column":5}},"line":37}},"f":{"0":2,"1":5,"2":0,"3":4,"4":0,"5":4,"6":2,"7":5,"8":0}}
,"C:\\Users\\Usuario\\Desktop\\pokeapi\\src\\infrastructure\\externals\\GetDetailsPokemon.ts": {"path":"C:\\Users\\Usuario\\Desktop\\pokeapi\\src\\infrastructure\\externals\\GetDetailsPokemon.ts","all":false,"statementMap":{"0":{"start":{"line":1,"column":0},"end":{"line":1,"column":55}},"7":{"start":{"line":8,"column":0},"end":{"line":8,"column":68}},"8":{"start":{"line":9,"column":0},"end":{"line":9,"column":91}},"9":{"start":{"line":10,"column":0},"end":{"line":10,"column":49}},"11":{"start":{"line":12,"column":0},"end":{"line":12,"column":54}},"12":{"start":{"line":13,"column":0},"end":{"line":13,"column":41}},"13":{"start":{"line":14,"column":0},"end":{"line":14,"column":71}},"14":{"start":{"line":15,"column":0},"end":{"line":15,"column":36}},"15":{"start":{"line":16,"column":0},"end":{"line":16,"column":32}},"16":{"start":{"line":17,"column":0},"end":{"line":17,"column":39}},"17":{"start":{"line":18,"column":0},"end":{"line":18,"column":58}},"18":{"start":{"line":19,"column":0},"end":{"line":19,"column":43}},"19":{"start":{"line":20,"column":0},"end":{"line":20,"column":44}},"20":{"start":{"line":21,"column":0},"end":{"line":21,"column":53}},"21":{"start":{"line":22,"column":0},"end":{"line":22,"column":76}},"23":{"start":{"line":24,"column":0},"end":{"line":24,"column":75}},"24":{"start":{"line":25,"column":0},"end":{"line":25,"column":17}},"26":{"start":{"line":27,"column":0},"end":{"line":27,"column":58}},"27":{"start":{"line":28,"column":0},"end":{"line":28,"column":33}},"28":{"start":{"line":29,"column":0},"end":{"line":29,"column":14}},"30":{"start":{"line":31,"column":0},"end":{"line":31,"column":34}},"31":{"start":{"line":32,"column":0},"end":{"line":32,"column":5}},"32":{"start":{"line":33,"column":0},"end":{"line":33,"column":1}}},"s":{"0":1,"7":1,"8":1,"9":1,"11":1,"12":1,"13":2,"14":2,"15":2,"16":2,"17":2,"18":2,"19":2,"20":2,"21":2,"23":2,"24":2,"26":2,"27":2,"28":2,"30":1,"31":1,"32":1},"branchMap":{"0":{"type":"branch","line":9,"loc":{"start":{"line":9,"column":4},"end":{"line":32,"column":5}},"locations":[{"start":{"line":9,"column":4},"end":{"line":32,"column":5}}]},"1":{"type":"branch","line":13,"loc":{"start":{"line":13,"column":21},"end":{"line":29,"column":14}},"locations":[{"start":{"line":13,"column":21},"end":{"line":29,"column":14}}]},"2":{"type":"branch","line":22,"loc":{"start":{"line":22,"column":24},"end":{"line":22,"column":76}},"locations":[{"start":{"line":22,"column":24},"end":{"line":22,"column":76}}]},"3":{"type":"branch","line":24,"loc":{"start":{"line":24,"column":45},"end":{"line":24,"column":74}},"locations":[{"start":{"line":24,"column":45},"end":{"line":24,"column":74}}]}},"b":{"0":[1],"1":[2],"2":[2],"3":[4]},"fnMap":{"0":{"name":"PokemonsDetails","decl":{"start":{"line":9,"column":4},"end":{"line":32,"column":5}},"loc":{"start":{"line":9,"column":4},"end":{"line":32,"column":5}},"line":9}},"f":{"0":1}}
,"C:\\Users\\Usuario\\Desktop\\pokeapi\\src\\infrastructure\\externals\\GetPokemons.ts": {"path":"C:\\Users\\Usuario\\Desktop\\pokeapi\\src\\infrastructure\\externals\\GetPokemons.ts","all":false,"statementMap":{"0":{"start":{"line":1,"column":0},"end":{"line":1,"column":26}},"6":{"start":{"line":7,"column":0},"end":{"line":7,"column":58}},"7":{"start":{"line":8,"column":0},"end":{"line":8,"column":91}},"8":{"start":{"line":9,"column":0},"end":{"line":9,"column":43}},"9":{"start":{"line":10,"column":0},"end":{"line":10,"column":147}},"10":{"start":{"line":11,"column":0},"end":{"line":11,"column":42}},"11":{"start":{"line":12,"column":0},"end":{"line":12,"column":58}},"12":{"start":{"line":13,"column":0},"end":{"line":13,"column":30}},"13":{"start":{"line":14,"column":0},"end":{"line":14,"column":5}},"14":{"start":{"line":15,"column":0},"end":{"line":15,"column":1}}},"s":{"0":1,"6":1,"7":1,"8":3,"9":3,"10":1,"11":1,"12":1,"13":1,"14":1},"branchMap":{"0":{"type":"branch","line":8,"loc":{"start":{"line":8,"column":4},"end":{"line":14,"column":5}},"locations":[{"start":{"line":8,"column":4},"end":{"line":14,"column":5}}]},"1":{"type":"branch","line":10,"loc":{"start":{"line":10,"column":145},"end":{"line":14,"column":5}},"locations":[{"start":{"line":10,"column":145},"end":{"line":14,"column":5}}]}},"b":{"0":[3],"1":[1]},"fnMap":{"0":{"name":"fetchPokemon","decl":{"start":{"line":8,"column":4},"end":{"line":14,"column":5}},"loc":{"start":{"line":8,"column":4},"end":{"line":14,"column":5}},"line":8}},"f":{"0":3}}
,"C:\\Users\\Usuario\\Desktop\\pokeapi\\src\\infrastructure\\mappers\\DetailsPokemonsMapper.ts": {"path":"C:\\Users\\Usuario\\Desktop\\pokeapi\\src\\infrastructure\\mappers\\DetailsPokemonsMapper.ts","all":false,"statementMap":{"0":{"start":{"line":1,"column":0},"end":{"line":1,"column":60}},"4":{"start":{"line":5,"column":0},"end":{"line":5,"column":87}},"5":{"start":{"line":6,"column":0},"end":{"line":6,"column":54}},"6":{"start":{"line":7,"column":0},"end":{"line":7,"column":47}},"7":{"start":{"line":8,"column":0},"end":{"line":8,"column":46}},"8":{"start":{"line":9,"column":0},"end":{"line":9,"column":40}},"9":{"start":{"line":10,"column":0},"end":{"line":10,"column":38}},"10":{"start":{"line":11,"column":0},"end":{"line":11,"column":36}},"11":{"start":{"line":12,"column":0},"end":{"line":12,"column":40}},"12":{"start":{"line":13,"column":0},"end":{"line":13,"column":38}},"13":{"start":{"line":14,"column":0},"end":{"line":14,"column":38}},"14":{"start":{"line":15,"column":0},"end":{"line":15,"column":22}},"15":{"start":{"line":16,"column":0},"end":{"line":16,"column":5}},"16":{"start":{"line":17,"column":0},"end":{"line":17,"column":1}}},"s":{"0":1,"4":1,"5":1,"6":1,"7":1,"8":1,"9":1,"10":1,"11":1,"12":1,"13":1,"14":1,"15":1,"16":1},"branchMap":{"0":{"type":"branch","line":6,"loc":{"start":{"line":6,"column":4},"end":{"line":16,"column":5}},"locations":[{"start":{"line":6,"column":4},"end":{"line":16,"column":5}}]}},"b":{"0":[1]},"fnMap":{"0":{"name":"mapTo","decl":{"start":{"line":6,"column":4},"end":{"line":16,"column":5}},"loc":{"start":{"line":6,"column":4},"end":{"line":16,"column":5}},"line":6}},"f":{"0":1}}
,"C:\\Users\\Usuario\\Desktop\\pokeapi\\src\\infrastructure\\mappers\\PokemonsMapper.ts": {"path":"C:\\Users\\Usuario\\Desktop\\pokeapi\\src\\infrastructure\\mappers\\PokemonsMapper.ts","all":false,"statementMap":{"0":{"start":{"line":1,"column":0},"end":{"line":1,"column":61}},"4":{"start":{"line":5,"column":0},"end":{"line":5,"column":83}},"5":{"start":{"line":6,"column":0},"end":{"line":6,"column":57}},"6":{"start":{"line":7,"column":0},"end":{"line":7,"column":64}},"8":{"start":{"line":9,"column":0},"end":{"line":9,"column":43}},"9":{"start":{"line":10,"column":0},"end":{"line":10,"column":41}},"10":{"start":{"line":11,"column":0},"end":{"line":11,"column":49}},"11":{"start":{"line":12,"column":0},"end":{"line":12,"column":47}},"12":{"start":{"line":13,"column":0},"end":{"line":13,"column":27}},"13":{"start":{"line":14,"column":0},"end":{"line":14,"column":5}},"14":{"start":{"line":15,"column":0},"end":{"line":15,"column":1}}},"s":{"0":1,"4":1,"5":1,"6":1,"8":1,"9":1,"10":1,"11":1,"12":1,"13":1,"14":1},"branchMap":{"0":{"type":"branch","line":6,"loc":{"start":{"line":6,"column":4},"end":{"line":14,"column":5}},"locations":[{"start":{"line":6,"column":4},"end":{"line":14,"column":5}}]}},"b":{"0":[1]},"fnMap":{"0":{"name":"mapTo","decl":{"start":{"line":6,"column":4},"end":{"line":14,"column":5}},"loc":{"start":{"line":6,"column":4},"end":{"line":14,"column":5}},"line":6}},"f":{"0":1}}
,"C:\\Users\\Usuario\\Desktop\\pokeapi\\src\\presentation\\atoms\\button\\button.style.ts": {"path":"C:\\Users\\Usuario\\Desktop\\pokeapi\\src\\presentation\\atoms\\button\\button.style.ts","all":false,"statementMap":{"0":{"start":{"line":1,"column":0},"end":{"line":1,"column":39}},"3":{"start":{"line":4,"column":0},"end":{"line":4,"column":55}},"6":{"start":{"line":7,"column":0},"end":{"line":7,"column":58}},"12":{"start":{"line":13,"column":0},"end":{"line":13,"column":52}},"13":{"start":{"line":14,"column":0},"end":{"line":14,"column":67}},"16":{"start":{"line":17,"column":0},"end":{"line":17,"column":73}},"18":{"start":{"line":19,"column":0},"end":{"line":19,"column":2}}},"s":{"0":1,"3":1,"6":1,"12":1,"13":1,"16":1,"18":1},"branchMap":{"0":{"type":"branch","line":7,"loc":{"start":{"line":7,"column":22},"end":{"line":7,"column":57}},"locations":[{"start":{"line":7,"column":22},"end":{"line":7,"column":57}}]},"1":{"type":"branch","line":7,"loc":{"start":{"line":7,"column":46},"end":{"line":7,"column":57}},"locations":[{"start":{"line":7,"column":46},"end":{"line":7,"column":57}}]},"2":{"type":"branch","line":13,"loc":{"start":{"line":13,"column":13},"end":{"line":13,"column":51}},"locations":[{"start":{"line":13,"column":13},"end":{"line":13,"column":51}}]},"3":{"type":"branch","line":13,"loc":{"start":{"line":13,"column":39},"end":{"line":13,"column":48}},"locations":[{"start":{"line":13,"column":39},"end":{"line":13,"column":48}}]},"4":{"type":"branch","line":13,"loc":{"start":{"line":13,"column":42},"end":{"line":13,"column":51}},"locations":[{"start":{"line":13,"column":42},"end":{"line":13,"column":51}}]},"5":{"type":"branch","line":14,"loc":{"start":{"line":14,"column":20},"end":{"line":14,"column":66}},"locations":[{"start":{"line":14,"column":20},"end":{"line":14,"column":66}}]},"6":{"type":"branch","line":14,"loc":{"start":{"line":14,"column":46},"end":{"line":14,"column":58}},"locations":[{"start":{"line":14,"column":46},"end":{"line":14,"column":58}}]},"7":{"type":"branch","line":14,"loc":{"start":{"line":14,"column":49},"end":{"line":14,"column":66}},"locations":[{"start":{"line":14,"column":49},"end":{"line":14,"column":66}}]},"8":{"type":"branch","line":17,"loc":{"start":{"line":17,"column":24},"end":{"line":17,"column":72}},"locations":[{"start":{"line":17,"column":24},"end":{"line":17,"column":72}}]},"9":{"type":"branch","line":17,"loc":{"start":{"line":17,"column":49},"end":{"line":17,"column":61}},"locations":[{"start":{"line":17,"column":49},"end":{"line":17,"column":61}}]},"10":{"type":"branch","line":17,"loc":{"start":{"line":17,"column":52},"end":{"line":17,"column":72}},"locations":[{"start":{"line":17,"column":52},"end":{"line":17,"column":72}}]}},"b":{"0":[8],"1":[1],"2":[8],"3":[6],"4":[2],"5":[8],"6":[6],"7":[2],"8":[8],"9":[7],"10":[1]},"fnMap":{"0":{"name":"Object.defineProperty.enumerable","decl":{"start":{"line":7,"column":22},"end":{"line":7,"column":57}},"loc":{"start":{"line":7,"column":22},"end":{"line":7,"column":57}},"line":7},"1":{"name":"Object.defineProperty.enumerable","decl":{"start":{"line":13,"column":13},"end":{"line":13,"column":51}},"loc":{"start":{"line":13,"column":13},"end":{"line":13,"column":51}},"line":13},"2":{"name":"Object.defineProperty.enumerable","decl":{"start":{"line":14,"column":20},"end":{"line":14,"column":66}},"loc":{"start":{"line":14,"column":20},"end":{"line":14,"column":66}},"line":14}},"f":{"0":8,"1":8,"2":8}}
,"C:\\Users\\Usuario\\Desktop\\pokeapi\\src\\presentation\\atoms\\button\\button.tsx": {"path":"C:\\Users\\Usuario\\Desktop\\pokeapi\\src\\presentation\\atoms\\button\\button.tsx","all":false,"statementMap":{"0":{"start":{"line":1,"column":0},"end":{"line":1,"column":49}},"3":{"start":{"line":4,"column":0},"end":{"line":4,"column":91}},"4":{"start":{"line":5,"column":0},"end":{"line":5,"column":72}},"5":{"start":{"line":6,"column":0},"end":{"line":6,"column":14}}},"s":{"0":1,"3":1,"4":1,"5":1},"branchMap":{},"b":{},"fnMap":{},"f":{}}
,"C:\\Users\\Usuario\\Desktop\\pokeapi\\src\\presentation\\atoms\\card\\Card.style.ts": {"path":"C:\\Users\\Usuario\\Desktop\\pokeapi\\src\\presentation\\atoms\\card\\Card.style.ts","all":false,"statementMap":{"0":{"start":{"line":1,"column":0},"end":{"line":1,"column":39}},"2":{"start":{"line":3,"column":0},"end":{"line":3,"column":60}},"17":{"start":{"line":18,"column":0},"end":{"line":18,"column":43}},"33":{"start":{"line":34,"column":0},"end":{"line":34,"column":2}},"35":{"start":{"line":36,"column":0},"end":{"line":36,"column":70}},"39":{"start":{"line":40,"column":0},"end":{"line":40,"column":56}},"43":{"start":{"line":44,"column":0},"end":{"line":44,"column":2}},"45":{"start":{"line":46,"column":0},"end":{"line":46,"column":72}},"55":{"start":{"line":56,"column":0},"end":{"line":56,"column":56}},"59":{"start":{"line":60,"column":0},"end":{"line":60,"column":2}},"60":{"start":{"line":61,"column":0},"end":{"line":61,"column":35}},"67":{"start":{"line":68,"column":0},"end":{"line":68,"column":2}},"68":{"start":{"line":69,"column":0},"end":{"line":69,"column":66}},"73":{"start":{"line":74,"column":0},"end":{"line":74,"column":35}},"77":{"start":{"line":78,"column":0},"end":{"line":78,"column":49}},"78":{"start":{"line":79,"column":0},"end":{"line":79,"column":2}}},"s":{"0":1,"2":1,"17":1,"33":1,"35":1,"39":1,"43":1,"45":1,"55":1,"59":1,"60":1,"67":1,"68":1,"73":1,"77":1,"78":1},"branchMap":{"0":{"type":"branch","line":18,"loc":{"start":{"line":18,"column":20},"end":{"line":18,"column":41}},"locations":[{"start":{"line":18,"column":20},"end":{"line":18,"column":41}}]},"1":{"type":"branch","line":40,"loc":{"start":{"line":40,"column":24},"end":{"line":40,"column":54}},"locations":[{"start":{"line":40,"column":24},"end":{"line":40,"column":54}}]},"2":{"type":"branch","line":56,"loc":{"start":{"line":56,"column":24},"end":{"line":56,"column":54}},"locations":[{"start":{"line":56,"column":24},"end":{"line":56,"column":54}}]},"3":{"type":"branch","line":74,"loc":{"start":{"line":74,"column":12},"end":{"line":74,"column":33}},"locations":[{"start":{"line":74,"column":12},"end":{"line":74,"column":33}}]},"4":{"type":"branch","line":78,"loc":{"start":{"line":78,"column":20},"end":{"line":78,"column":41}},"locations":[{"start":{"line":78,"column":20},"end":{"line":78,"column":41}}]}},"b":{"0":[3],"1":[2],"2":[1],"3":[2],"4":[2]},"fnMap":{"0":{"name":"Object.defineProperty.enumerable","decl":{"start":{"line":74,"column":12},"end":{"line":74,"column":33}},"loc":{"start":{"line":74,"column":12},"end":{"line":74,"column":33}},"line":74}},"f":{"0":2}}
,"C:\\Users\\Usuario\\Desktop\\pokeapi\\src\\presentation\\atoms\\card\\Card.tsx": {"path":"C:\\Users\\Usuario\\Desktop\\pokeapi\\src\\presentation\\atoms\\card\\Card.tsx","all":false,"statementMap":{"0":{"start":{"line":1,"column":0},"end":{"line":1,"column":33}},"5":{"start":{"line":6,"column":0},"end":{"line":6,"column":44}},"6":{"start":{"line":7,"column":0},"end":{"line":7,"column":56}},"7":{"start":{"line":8,"column":0},"end":{"line":8,"column":37}},"8":{"start":{"line":9,"column":0},"end":{"line":9,"column":54}},"10":{"start":{"line":11,"column":0},"end":{"line":11,"column":31}},"11":{"start":{"line":12,"column":0},"end":{"line":12,"column":36}},"12":{"start":{"line":13,"column":0},"end":{"line":13,"column":6}},"13":{"start":{"line":14,"column":0},"end":{"line":14,"column":11}},"14":{"start":{"line":15,"column":0},"end":{"line":15,"column":22}},"15":{"start":{"line":16,"column":0},"end":{"line":16,"column":25}},"16":{"start":{"line":17,"column":0},"end":{"line":17,"column":36}},"17":{"start":{"line":18,"column":0},"end":{"line":18,"column":34}},"19":{"start":{"line":20,"column":0},"end":{"line":20,"column":25}},"20":{"start":{"line":21,"column":0},"end":{"line":21,"column":14}},"21":{"start":{"line":22,"column":0},"end":{"line":22,"column":62}},"22":{"start":{"line":23,"column":0},"end":{"line":23,"column":77}},"24":{"start":{"line":25,"column":0},"end":{"line":25,"column":40}},"27":{"start":{"line":28,"column":0},"end":{"line":28,"column":68}},"28":{"start":{"line":29,"column":0},"end":{"line":29,"column":63}},"29":{"start":{"line":30,"column":0},"end":{"line":30,"column":65}},"30":{"start":{"line":31,"column":0},"end":{"line":31,"column":40}},"31":{"start":{"line":32,"column":0},"end":{"line":32,"column":31}},"32":{"start":{"line":33,"column":0},"end":{"line":33,"column":126}},"39":{"start":{"line":40,"column":0},"end":{"line":40,"column":1}},"41":{"start":{"line":42,"column":0},"end":{"line":42,"column":57}},"42":{"start":{"line":43,"column":0},"end":{"line":43,"column":48}},"43":{"start":{"line":44,"column":0},"end":{"line":44,"column":39}},"44":{"start":{"line":45,"column":0},"end":{"line":45,"column":42}},"45":{"start":{"line":46,"column":0},"end":{"line":46,"column":41}},"46":{"start":{"line":47,"column":0},"end":{"line":47,"column":44}},"47":{"start":{"line":48,"column":0},"end":{"line":48,"column":6}},"49":{"start":{"line":50,"column":0},"end":{"line":50,"column":31}},"50":{"start":{"line":51,"column":0},"end":{"line":51,"column":31}},"51":{"start":{"line":52,"column":0},"end":{"line":52,"column":36}},"52":{"start":{"line":53,"column":0},"end":{"line":53,"column":9}},"53":{"start":{"line":54,"column":0},"end":{"line":54,"column":5}},"55":{"start":{"line":56,"column":0},"end":{"line":56,"column":39}},"56":{"start":{"line":57,"column":0},"end":{"line":57,"column":2}}},"s":{"0":1,"5":1,"6":4,"7":4,"8":4,"10":4,"11":1,"12":1,"13":4,"14":4,"15":4,"16":4,"17":4,"19":4,"20":2,"21":2,"22":2,"24":2,"27":4,"28":4,"29":4,"30":4,"31":4,"32":4,"39":4,"41":1,"42":3,"43":3,"44":3,"45":3,"46":3,"47":3,"49":3,"50":3,"51":3,"52":3,"53":3,"55":0,"56":0},"branchMap":{"0":{"type":"branch","line":6,"loc":{"start":{"line":6,"column":20},"end":{"line":40,"column":1}},"locations":[{"start":{"line":6,"column":20},"end":{"line":40,"column":1}}]},"1":{"type":"branch","line":20,"loc":{"start":{"line":20,"column":14},"end":{"line":28,"column":17}},"locations":[{"start":{"line":20,"column":14},"end":{"line":28,"column":17}}]},"2":{"type":"branch","line":11,"loc":{"start":{"line":11,"column":24},"end":{"line":13,"column":6}},"locations":[{"start":{"line":11,"column":24},"end":{"line":13,"column":6}}]},"3":{"type":"branch","line":42,"loc":{"start":{"line":42,"column":27},"end":{"line":57,"column":2}},"locations":[{"start":{"line":42,"column":27},"end":{"line":57,"column":2}}]},"4":{"type":"branch","line":54,"loc":{"start":{"line":54,"column":4},"end":{"line":57,"column":2}},"locations":[{"start":{"line":54,"column":4},"end":{"line":57,"column":2}}]}},"b":{"0":[4],"1":[2],"2":[1],"3":[3],"4":[0]},"fnMap":{"0":{"name":"Card","decl":{"start":{"line":6,"column":20},"end":{"line":40,"column":1}},"loc":{"start":{"line":6,"column":20},"end":{"line":40,"column":1}},"line":6},"1":{"name":"handleClick","decl":{"start":{"line":11,"column":24},"end":{"line":13,"column":6}},"loc":{"start":{"line":11,"column":24},"end":{"line":13,"column":6}},"line":11},"2":{"name":"getBackgroundColor","decl":{"start":{"line":42,"column":27},"end":{"line":57,"column":2}},"loc":{"start":{"line":42,"column":27},"end":{"line":57,"column":2}},"line":42}},"f":{"0":4,"1":1,"2":3}}
,"C:\\Users\\Usuario\\Desktop\\pokeapi\\src\\presentation\\atoms\\img\\Img.style.ts": {"path":"C:\\Users\\Usuario\\Desktop\\pokeapi\\src\\presentation\\atoms\\img\\Img.style.ts","all":false,"statementMap":{"0":{"start":{"line":1,"column":0},"end":{"line":1,"column":39}},"3":{"start":{"line":4,"column":0},"end":{"line":4,"column":51}},"4":{"start":{"line":5,"column":0},"end":{"line":5,"column":63}},"5":{"start":{"line":6,"column":0},"end":{"line":6,"column":67}},"6":{"start":{"line":7,"column":0},"end":{"line":7,"column":1}}},"s":{"0":1,"3":1,"4":1,"5":1,"6":1},"branchMap":{"0":{"type":"branch","line":5,"loc":{"start":{"line":5,"column":13},"end":{"line":5,"column":61}},"locations":[{"start":{"line":5,"column":13},"end":{"line":5,"column":61}}]},"1":{"type":"branch","line":5,"loc":{"start":{"line":5,"column":50},"end":{"line":5,"column":61}},"locations":[{"start":{"line":5,"column":50},"end":{"line":5,"column":61}}]},"2":{"type":"branch","line":6,"loc":{"start":{"line":6,"column":14},"end":{"line":6,"column":65}},"locations":[{"start":{"line":6,"column":14},"end":{"line":6,"column":65}}]},"3":{"type":"branch","line":6,"loc":{"start":{"line":6,"column":53},"end":{"line":6,"column":65}},"locations":[{"start":{"line":6,"column":53},"end":{"line":6,"column":65}}]}},"b":{"0":[7],"1":[0],"2":[7],"3":[0]},"fnMap":{"0":{"name":"Object.defineProperty.enumerable","decl":{"start":{"line":5,"column":13},"end":{"line":5,"column":61}},"loc":{"start":{"line":5,"column":13},"end":{"line":5,"column":61}},"line":5}},"f":{"0":7}}
,"C:\\Users\\Usuario\\Desktop\\pokeapi\\src\\presentation\\atoms\\img\\Img.tsx": {"path":"C:\\Users\\Usuario\\Desktop\\pokeapi\\src\\presentation\\atoms\\img\\Img.tsx","all":false,"statementMap":{"0":{"start":{"line":1,"column":0},"end":{"line":1,"column":43}},"3":{"start":{"line":4,"column":0},"end":{"line":4,"column":51}},"4":{"start":{"line":5,"column":0},"end":{"line":5,"column":12}},"5":{"start":{"line":6,"column":0},"end":{"line":6,"column":75}},"7":{"start":{"line":8,"column":0},"end":{"line":8,"column":1}}},"s":{"0":1,"3":1,"4":7,"5":7,"7":7},"branchMap":{"0":{"type":"branch","line":4,"loc":{"start":{"line":4,"column":19},"end":{"line":8,"column":1}},"locations":[{"start":{"line":4,"column":19},"end":{"line":8,"column":1}}]}},"b":{"0":[7]},"fnMap":{"0":{"name":"Img","decl":{"start":{"line":4,"column":19},"end":{"line":8,"column":1}},"loc":{"start":{"line":4,"column":19},"end":{"line":8,"column":1}},"line":4}},"f":{"0":7}}
,"C:\\Users\\Usuario\\Desktop\\pokeapi\\src\\presentation\\atoms\\inputs\\Input.tsx": {"path":"C:\\Users\\Usuario\\Desktop\\pokeapi\\src\\presentation\\atoms\\inputs\\Input.tsx","all":false,"statementMap":{"0":{"start":{"line":1,"column":0},"end":{"line":1,"column":46}},"3":{"start":{"line":4,"column":0},"end":{"line":4,"column":64}},"4":{"start":{"line":5,"column":0},"end":{"line":5,"column":11}},"5":{"start":{"line":6,"column":0},"end":{"line":6,"column":82}},"7":{"start":{"line":8,"column":0},"end":{"line":8,"column":1}}},"s":{"0":1,"3":1,"4":9,"5":9,"7":9},"branchMap":{"0":{"type":"branch","line":4,"loc":{"start":{"line":4,"column":20},"end":{"line":8,"column":1}},"locations":[{"start":{"line":4,"column":20},"end":{"line":8,"column":1}}]}},"b":{"0":[9]},"fnMap":{"0":{"name":"Input","decl":{"start":{"line":4,"column":20},"end":{"line":8,"column":1}},"loc":{"start":{"line":4,"column":20},"end":{"line":8,"column":1}},"line":4}},"f":{"0":9}}
,"C:\\Users\\Usuario\\Desktop\\pokeapi\\src\\presentation\\atoms\\inputs\\input.style.ts": {"path":"C:\\Users\\Usuario\\Desktop\\pokeapi\\src\\presentation\\atoms\\inputs\\input.style.ts","all":false,"statementMap":{"0":{"start":{"line":1,"column":0},"end":{"line":1,"column":39}},"2":{"start":{"line":3,"column":0},"end":{"line":3,"column":39}},"11":{"start":{"line":12,"column":0},"end":{"line":12,"column":1}}},"s":{"0":1,"2":1,"11":1},"branchMap":{},"b":{},"fnMap":{},"f":{}}
,"C:\\Users\\Usuario\\Desktop\\pokeapi\\src\\presentation\\atoms\\loading\\Loading.tsx": {"path":"C:\\Users\\Usuario\\Desktop\\pokeapi\\src\\presentation\\atoms\\loading\\Loading.tsx","all":false,"statementMap":{"0":{"start":{"line":1,"column":0},"end":{"line":1,"column":28}},"1":{"start":{"line":2,"column":0},"end":{"line":2,"column":29}},"2":{"start":{"line":3,"column":0},"end":{"line":3,"column":12}},"3":{"start":{"line":4,"column":0},"end":{"line":4,"column":39}},"4":{"start":{"line":5,"column":0},"end":{"line":5,"column":7}},"5":{"start":{"line":6,"column":0},"end":{"line":6,"column":15}},"6":{"start":{"line":7,"column":0},"end":{"line":7,"column":340}},"7":{"start":{"line":8,"column":0},"end":{"line":8,"column":433}},"11":{"start":{"line":12,"column":0},"end":{"line":12,"column":7}},"12":{"start":{"line":13,"column":0},"end":{"line":13,"column":15}},"13":{"start":{"line":14,"column":0},"end":{"line":14,"column":52}},"14":{"start":{"line":15,"column":0},"end":{"line":15,"column":162}},"15":{"start":{"line":16,"column":0},"end":{"line":16,"column":166}},"16":{"start":{"line":17,"column":0},"end":{"line":17,"column":165}},"17":{"start":{"line":18,"column":0},"end":{"line":18,"column":161}},"18":{"start":{"line":19,"column":0},"end":{"line":19,"column":245}},"19":{"start":{"line":20,"column":0},"end":{"line":20,"column":164}},"20":{"start":{"line":21,"column":0},"end":{"line":21,"column":260}},"22":{"start":{"line":23,"column":0},"end":{"line":23,"column":6084}},"26":{"start":{"line":27,"column":0},"end":{"line":27,"column":7}},"27":{"start":{"line":28,"column":0},"end":{"line":28,"column":17}},"28":{"start":{"line":29,"column":0},"end":{"line":29,"column":261}},"29":{"start":{"line":30,"column":0},"end":{"line":30,"column":261}},"30":{"start":{"line":31,"column":0},"end":{"line":31,"column":2366}},"32":{"start":{"line":33,"column":0},"end":{"line":33,"column":434}},"35":{"start":{"line":36,"column":0},"end":{"line":36,"column":7}},"36":{"start":{"line":37,"column":0},"end":{"line":37,"column":17}},"37":{"start":{"line":38,"column":0},"end":{"line":38,"column":1122}},"38":{"start":{"line":39,"column":0},"end":{"line":39,"column":741}},"42":{"start":{"line":43,"column":0},"end":{"line":43,"column":7}},"43":{"start":{"line":44,"column":0},"end":{"line":44,"column":854}},"44":{"start":{"line":45,"column":0},"end":{"line":45,"column":425}},"49":{"start":{"line":50,"column":0},"end":{"line":50,"column":1}}},"s":{"0":1,"1":1,"2":5,"3":5,"4":5,"5":5,"6":5,"7":5,"11":5,"12":5,"13":5,"14":5,"15":5,"16":5,"17":5,"18":5,"19":5,"20":5,"22":5,"26":5,"27":5,"28":5,"29":5,"30":5,"32":5,"35":5,"36":5,"37":5,"38":5,"42":5,"43":5,"44":5,"49":5},"branchMap":{"0":{"type":"branch","line":2,"loc":{"start":{"line":2,"column":23},"end":{"line":50,"column":1}},"locations":[{"start":{"line":2,"column":23},"end":{"line":50,"column":1}}]}},"b":{"0":[5]},"fnMap":{"0":{"name":"Loading","decl":{"start":{"line":2,"column":23},"end":{"line":50,"column":1}},"loc":{"start":{"line":2,"column":23},"end":{"line":50,"column":1}},"line":2}},"f":{"0":5}}
,"C:\\Users\\Usuario\\Desktop\\pokeapi\\src\\presentation\\atoms\\nofound\\NoFound.style.ts": {"path":"C:\\Users\\Usuario\\Desktop\\pokeapi\\src\\presentation\\atoms\\nofound\\NoFound.style.ts","all":false,"statementMap":{"0":{"start":{"line":1,"column":0},"end":{"line":1,"column":39}},"2":{"start":{"line":3,"column":0},"end":{"line":3,"column":42}},"13":{"start":{"line":14,"column":0},"end":{"line":14,"column":5}}},"s":{"0":1,"2":1,"13":1},"branchMap":{},"b":{},"fnMap":{},"f":{}}
,"C:\\Users\\Usuario\\Desktop\\pokeapi\\src\\presentation\\atoms\\nofound\\NoFound.tsx": {"path":"C:\\Users\\Usuario\\Desktop\\pokeapi\\src\\presentation\\atoms\\nofound\\NoFound.tsx","all":false,"statementMap":{"0":{"start":{"line":1,"column":0},"end":{"line":1,"column":32}},"3":{"start":{"line":4,"column":0},"end":{"line":4,"column":28}},"4":{"start":{"line":5,"column":0},"end":{"line":5,"column":11}},"5":{"start":{"line":6,"column":0},"end":{"line":6,"column":26}},"6":{"start":{"line":7,"column":0},"end":{"line":7,"column":66}},"7":{"start":{"line":8,"column":0},"end":{"line":8,"column":41}},"10":{"start":{"line":11,"column":0},"end":{"line":11,"column":1}}},"s":{"0":1,"3":1,"4":1,"5":1,"6":1,"7":1,"10":1},"branchMap":{"0":{"type":"branch","line":4,"loc":{"start":{"line":4,"column":23},"end":{"line":11,"column":1}},"locations":[{"start":{"line":4,"column":23},"end":{"line":11,"column":1}}]}},"b":{"0":[1]},"fnMap":{"0":{"name":"NotFound","decl":{"start":{"line":4,"column":23},"end":{"line":11,"column":1}},"loc":{"start":{"line":4,"column":23},"end":{"line":11,"column":1}},"line":4}},"f":{"0":1}}
,"C:\\Users\\Usuario\\Desktop\\pokeapi\\src\\presentation\\context\\PokemonContext.tsx": {"path":"C:\\Users\\Usuario\\Desktop\\pokeapi\\src\\presentation\\context\\PokemonContext.tsx","all":false,"statementMap":{"0":{"start":{"line":1,"column":0},"end":{"line":1,"column":57}},"15":{"start":{"line":16,"column":0},"end":{"line":16,"column":87}},"17":{"start":{"line":18,"column":0},"end":{"line":18,"column":82}},"18":{"start":{"line":19,"column":0},"end":{"line":19,"column":74}},"19":{"start":{"line":20,"column":0},"end":{"line":20,"column":45}},"21":{"start":{"line":22,"column":0},"end":{"line":22,"column":12}},"22":{"start":{"line":23,"column":0},"end":{"line":23,"column":91}},"23":{"start":{"line":24,"column":0},"end":{"line":24,"column":22}},"26":{"start":{"line":27,"column":0},"end":{"line":27,"column":2}},"28":{"start":{"line":29,"column":0},"end":{"line":29,"column":40}},"29":{"start":{"line":30,"column":0},"end":{"line":30,"column":47}},"30":{"start":{"line":31,"column":0},"end":{"line":31,"column":19}},"31":{"start":{"line":32,"column":0},"end":{"line":32,"column":83}},"32":{"start":{"line":33,"column":0},"end":{"line":33,"column":5}},"33":{"start":{"line":34,"column":0},"end":{"line":34,"column":19}},"34":{"start":{"line":35,"column":0},"end":{"line":35,"column":2}}},"s":{"0":1,"15":1,"17":1,"18":8,"19":8,"21":8,"22":8,"23":8,"26":8,"28":1,"29":9,"30":9,"31":0,"32":0,"33":8,"34":8},"branchMap":{"0":{"type":"branch","line":18,"loc":{"start":{"line":18,"column":63},"end":{"line":27,"column":2}},"locations":[{"start":{"line":18,"column":63},"end":{"line":27,"column":2}}]},"1":{"type":"branch","line":29,"loc":{"start":{"line":29,"column":33},"end":{"line":35,"column":2}},"locations":[{"start":{"line":29,"column":33},"end":{"line":35,"column":2}}]},"2":{"type":"branch","line":31,"loc":{"start":{"line":31,"column":18},"end":{"line":33,"column":5}},"locations":[{"start":{"line":31,"column":18},"end":{"line":33,"column":5}}]},"3":{"type":"branch","line":33,"loc":{"start":{"line":33,"column":4},"end":{"line":35,"column":2}},"locations":[{"start":{"line":33,"column":4},"end":{"line":35,"column":2}}]}},"b":{"0":[8],"1":[9],"2":[0],"3":[8]},"fnMap":{"0":{"name":"PokemonProvider","decl":{"start":{"line":18,"column":63},"end":{"line":27,"column":2}},"loc":{"start":{"line":18,"column":63},"end":{"line":27,"column":2}},"line":18},"1":{"name":"usePokemonContext","decl":{"start":{"line":29,"column":33},"end":{"line":35,"column":2}},"loc":{"start":{"line":29,"column":33},"end":{"line":35,"column":2}},"line":29}},"f":{"0":8,"1":9}}
,"C:\\Users\\Usuario\\Desktop\\pokeapi\\src\\presentation\\molecules\\pagination\\Pagination.style.ts": {"path":"C:\\Users\\Usuario\\Desktop\\pokeapi\\src\\presentation\\molecules\\pagination\\Pagination.style.ts","all":false,"statementMap":{"0":{"start":{"line":1,"column":0},"end":{"line":1,"column":39}},"1":{"start":{"line":2,"column":0},"end":{"line":2,"column":47}},"9":{"start":{"line":10,"column":0},"end":{"line":10,"column":2}},"11":{"start":{"line":12,"column":0},"end":{"line":12,"column":41}},"19":{"start":{"line":20,"column":0},"end":{"line":20,"column":2}},"20":{"start":{"line":21,"column":0},"end":{"line":21,"column":44}},"26":{"start":{"line":27,"column":0},"end":{"line":27,"column":2}}},"s":{"0":1,"1":1,"9":1,"11":1,"19":1,"20":1,"26":1},"branchMap":{},"b":{},"fnMap":{},"f":{}}
,"C:\\Users\\Usuario\\Desktop\\pokeapi\\src\\presentation\\molecules\\pagination\\Pagination.tsx": {"path":"C:\\Users\\Usuario\\Desktop\\pokeapi\\src\\presentation\\molecules\\pagination\\Pagination.tsx","all":false,"statementMap":{"0":{"start":{"line":1,"column":0},"end":{"line":1,"column":51}},"6":{"start":{"line":7,"column":0},"end":{"line":7,"column":77}},"7":{"start":{"line":8,"column":0},"end":{"line":8,"column":72}},"9":{"start":{"line":10,"column":0},"end":{"line":10,"column":80}},"10":{"start":{"line":11,"column":0},"end":{"line":11,"column":38}},"11":{"start":{"line":12,"column":0},"end":{"line":12,"column":6}},"12":{"start":{"line":13,"column":0},"end":{"line":13,"column":76}},"15":{"start":{"line":16,"column":0},"end":{"line":16,"column":47}},"16":{"start":{"line":17,"column":0},"end":{"line":17,"column":29}},"18":{"start":{"line":19,"column":0},"end":{"line":19,"column":6}},"19":{"start":{"line":20,"column":0},"end":{"line":20,"column":27}},"20":{"start":{"line":21,"column":0},"end":{"line":21,"column":51}},"21":{"start":{"line":22,"column":0},"end":{"line":22,"column":44}},"22":{"start":{"line":23,"column":0},"end":{"line":23,"column":42}},"23":{"start":{"line":24,"column":0},"end":{"line":24,"column":24}},"24":{"start":{"line":25,"column":0},"end":{"line":25,"column":22}},"25":{"start":{"line":26,"column":0},"end":{"line":26,"column":53}},"26":{"start":{"line":27,"column":0},"end":{"line":27,"column":5}},"27":{"start":{"line":28,"column":0},"end":{"line":28,"column":31}},"28":{"start":{"line":29,"column":0},"end":{"line":29,"column":29}},"29":{"start":{"line":30,"column":0},"end":{"line":30,"column":63}},"30":{"start":{"line":31,"column":0},"end":{"line":31,"column":5}},"32":{"start":{"line":33,"column":0},"end":{"line":33,"column":12}},"33":{"start":{"line":34,"column":0},"end":{"line":34,"column":24}},"34":{"start":{"line":35,"column":0},"end":{"line":35,"column":95}},"35":{"start":{"line":36,"column":0},"end":{"line":36,"column":33}},"36":{"start":{"line":37,"column":0},"end":{"line":37,"column":119}},"37":{"start":{"line":38,"column":0},"end":{"line":38,"column":43}},"38":{"start":{"line":39,"column":0},"end":{"line":39,"column":40}},"39":{"start":{"line":40,"column":0},"end":{"line":40,"column":67}},"40":{"start":{"line":41,"column":0},"end":{"line":41,"column":61}},"42":{"start":{"line":43,"column":0},"end":{"line":43,"column":36}},"48":{"start":{"line":49,"column":0},"end":{"line":49,"column":1}}},"s":{"0":1,"6":1,"7":8,"9":8,"10":1,"11":1,"12":8,"15":8,"16":0,"18":0,"19":8,"20":8,"21":8,"22":8,"23":8,"24":6,"25":6,"26":6,"27":8,"28":0,"29":0,"30":0,"32":6,"33":6,"34":6,"35":6,"36":6,"37":6,"38":6,"39":6,"40":6,"42":6,"48":6},"branchMap":{"0":{"type":"branch","line":7,"loc":{"start":{"line":7,"column":26},"end":{"line":49,"column":1}},"locations":[{"start":{"line":7,"column":26},"end":{"line":49,"column":1}}]},"1":{"type":"branch","line":13,"loc":{"start":{"line":13,"column":48},"end":{"line":13,"column":66}},"locations":[{"start":{"line":13,"column":48},"end":{"line":13,"column":66}}]},"2":{"type":"branch","line":13,"loc":{"start":{"line":13,"column":50},"end":{"line":13,"column":67}},"locations":[{"start":{"line":13,"column":50},"end":{"line":13,"column":67}}]},"3":{"type":"branch","line":24,"loc":{"start":{"line":24,"column":23},"end":{"line":28,"column":30}},"locations":[{"start":{"line":24,"column":23},"end":{"line":28,"column":30}}]},"4":{"type":"branch","line":28,"loc":{"start":{"line":28,"column":30},"end":{"line":31,"column":5}},"locations":[{"start":{"line":28,"column":30},"end":{"line":31,"column":5}}]},"5":{"type":"branch","line":31,"loc":{"start":{"line":31,"column":4},"end":{"line":49,"column":1}},"locations":[{"start":{"line":31,"column":4},"end":{"line":49,"column":1}}]},"6":{"type":"branch","line":10,"loc":{"start":{"line":10,"column":31},"end":{"line":12,"column":6}},"locations":[{"start":{"line":10,"column":31},"end":{"line":12,"column":6}}]},"7":{"type":"branch","line":37,"loc":{"start":{"line":37,"column":65},"end":{"line":37,"column":98}},"locations":[{"start":{"line":37,"column":65},"end":{"line":37,"column":98}}]}},"b":{"0":[8],"1":[0],"2":[6],"3":[6],"4":[0],"5":[6],"6":[1],"7":[6]},"fnMap":{"0":{"name":"Pagination","decl":{"start":{"line":7,"column":26},"end":{"line":49,"column":1}},"loc":{"start":{"line":7,"column":26},"end":{"line":49,"column":1}},"line":7},"1":{"name":"handleFilterChange","decl":{"start":{"line":10,"column":31},"end":{"line":12,"column":6}},"loc":{"start":{"line":10,"column":31},"end":{"line":12,"column":6}},"line":10},"2":{"name":"handlePageClick","decl":{"start":{"line":16,"column":28},"end":{"line":19,"column":6}},"loc":{"start":{"line":16,"column":28},"end":{"line":19,"column":6}},"line":16},"3":{"name":"onClick","decl":{"start":{"line":40,"column":33},"end":{"line":40,"column":67}},"loc":{"start":{"line":40,"column":33},"end":{"line":40,"column":67}},"line":40}},"f":{"0":8,"1":1,"2":0,"3":0}}
,"C:\\Users\\Usuario\\Desktop\\pokeapi\\src\\presentation\\organisms\\header\\Header.style.ts": {"path":"C:\\Users\\Usuario\\Desktop\\pokeapi\\src\\presentation\\organisms\\header\\Header.style.ts","all":false,"statementMap":{"0":{"start":{"line":1,"column":0},"end":{"line":1,"column":39}},"2":{"start":{"line":3,"column":0},"end":{"line":3,"column":42}},"10":{"start":{"line":11,"column":0},"end":{"line":11,"column":1}},"11":{"start":{"line":12,"column":0},"end":{"line":12,"column":45}},"17":{"start":{"line":18,"column":0},"end":{"line":18,"column":2}}},"s":{"0":1,"2":1,"10":1,"11":1,"17":1},"branchMap":{},"b":{},"fnMap":{},"f":{}}
,"C:\\Users\\Usuario\\Desktop\\pokeapi\\src\\presentation\\organisms\\header\\Header.tsx": {"path":"C:\\Users\\Usuario\\Desktop\\pokeapi\\src\\presentation\\organisms\\header\\Header.tsx","all":false,"statementMap":{"0":{"start":{"line":1,"column":0},"end":{"line":1,"column":41}},"6":{"start":{"line":7,"column":0},"end":{"line":7,"column":71}},"7":{"start":{"line":8,"column":0},"end":{"line":8,"column":12}},"8":{"start":{"line":9,"column":0},"end":{"line":9,"column":25}},"9":{"start":{"line":10,"column":0},"end":{"line":10,"column":32}},"10":{"start":{"line":11,"column":0},"end":{"line":11,"column":70}},"12":{"start":{"line":13,"column":0},"end":{"line":13,"column":84}},"15":{"start":{"line":16,"column":0},"end":{"line":16,"column":1}}},"s":{"0":1,"6":1,"7":3,"8":3,"9":3,"10":3,"12":3,"15":3},"branchMap":{"0":{"type":"branch","line":7,"loc":{"start":{"line":7,"column":22},"end":{"line":16,"column":1}},"locations":[{"start":{"line":7,"column":22},"end":{"line":16,"column":1}}]}},"b":{"0":[3]},"fnMap":{"0":{"name":"Header","decl":{"start":{"line":7,"column":22},"end":{"line":16,"column":1}},"loc":{"start":{"line":7,"column":22},"end":{"line":16,"column":1}},"line":7}},"f":{"0":3}}
,"C:\\Users\\Usuario\\Desktop\\pokeapi\\src\\presentation\\pages\\Home\\Home.style.ts": {"path":"C:\\Users\\Usuario\\Desktop\\pokeapi\\src\\presentation\\pages\\Home\\Home.style.ts","all":false,"statementMap":{"0":{"start":{"line":1,"column":0},"end":{"line":1,"column":39}},"2":{"start":{"line":3,"column":0},"end":{"line":3,"column":36}},"11":{"start":{"line":12,"column":0},"end":{"line":12,"column":2}},"13":{"start":{"line":14,"column":0},"end":{"line":14,"column":43}},"22":{"start":{"line":23,"column":0},"end":{"line":23,"column":2}}},"s":{"0":1,"2":1,"11":1,"13":1,"22":1},"branchMap":{},"b":{},"fnMap":{},"f":{}}
,"C:\\Users\\Usuario\\Desktop\\pokeapi\\src\\presentation\\pages\\Home\\Home.tsx": {"path":"C:\\Users\\Usuario\\Desktop\\pokeapi\\src\\presentation\\pages\\Home\\Home.tsx","all":false,"statementMap":{"0":{"start":{"line":1,"column":0},"end":{"line":1,"column":52}},"1":{"start":{"line":2,"column":0},"end":{"line":2,"column":58}},"2":{"start":{"line":3,"column":0},"end":{"line":3,"column":109}},"3":{"start":{"line":4,"column":0},"end":{"line":4,"column":44}},"4":{"start":{"line":5,"column":0},"end":{"line":5,"column":53}},"5":{"start":{"line":6,"column":0},"end":{"line":6,"column":64}},"6":{"start":{"line":7,"column":0},"end":{"line":7,"column":54}},"7":{"start":{"line":8,"column":0},"end":{"line":8,"column":54}},"10":{"start":{"line":11,"column":0},"end":{"line":11,"column":16}},"11":{"start":{"line":12,"column":0},"end":{"line":12,"column":74}},"12":{"start":{"line":13,"column":0},"end":{"line":13,"column":47}},"13":{"start":{"line":14,"column":0},"end":{"line":14,"column":51}},"14":{"start":{"line":15,"column":0},"end":{"line":15,"column":28}},"15":{"start":{"line":16,"column":0},"end":{"line":16,"column":86}},"16":{"start":{"line":17,"column":0},"end":{"line":17,"column":19}},"17":{"start":{"line":18,"column":0},"end":{"line":18,"column":35}},"18":{"start":{"line":19,"column":0},"end":{"line":19,"column":23}},"19":{"start":{"line":20,"column":0},"end":{"line":20,"column":11}},"20":{"start":{"line":21,"column":0},"end":{"line":21,"column":96}},"21":{"start":{"line":22,"column":0},"end":{"line":22,"column":29}},"22":{"start":{"line":23,"column":0},"end":{"line":23,"column":23}},"23":{"start":{"line":24,"column":0},"end":{"line":24,"column":56}},"24":{"start":{"line":25,"column":0},"end":{"line":25,"column":17}},"25":{"start":{"line":26,"column":0},"end":{"line":26,"column":26}},"26":{"start":{"line":27,"column":0},"end":{"line":27,"column":7}},"27":{"start":{"line":28,"column":0},"end":{"line":28,"column":6}},"28":{"start":{"line":29,"column":0},"end":{"line":29,"column":16}},"29":{"start":{"line":30,"column":0},"end":{"line":30,"column":63}},"31":{"start":{"line":32,"column":0},"end":{"line":32,"column":57}},"32":{"start":{"line":33,"column":0},"end":{"line":33,"column":66}},"35":{"start":{"line":36,"column":0},"end":{"line":36,"column":10}},"36":{"start":{"line":37,"column":0},"end":{"line":37,"column":15}},"37":{"start":{"line":38,"column":0},"end":{"line":38,"column":74}},"39":{"start":{"line":40,"column":0},"end":{"line":40,"column":33}},"40":{"start":{"line":41,"column":0},"end":{"line":41,"column":29}},"41":{"start":{"line":42,"column":0},"end":{"line":42,"column":86}},"42":{"start":{"line":43,"column":0},"end":{"line":43,"column":40}},"45":{"start":{"line":46,"column":0},"end":{"line":46,"column":10}},"51":{"start":{"line":52,"column":0},"end":{"line":52,"column":1}},"53":{"start":{"line":54,"column":0},"end":{"line":54,"column":18}}},"s":{"0":1,"1":1,"2":1,"3":1,"4":1,"5":1,"6":1,"7":1,"10":3,"11":3,"12":3,"13":3,"14":3,"15":3,"16":3,"17":2,"18":2,"19":2,"20":2,"21":0,"22":0,"23":0,"24":0,"25":0,"26":0,"27":2,"28":2,"29":3,"31":3,"32":0,"35":3,"36":3,"37":3,"39":3,"40":3,"41":3,"42":3,"45":3,"51":3,"53":1},"branchMap":{"0":{"type":"branch","line":11,"loc":{"start":{"line":11,"column":0},"end":{"line":52,"column":1}},"locations":[{"start":{"line":11,"column":0},"end":{"line":52,"column":1}}]},"1":{"type":"branch","line":32,"loc":{"start":{"line":32,"column":26},"end":{"line":32,"column":46}},"locations":[{"start":{"line":32,"column":26},"end":{"line":32,"column":46}}]},"2":{"type":"branch","line":40,"loc":{"start":{"line":40,"column":9},"end":{"line":41,"column":11}},"locations":[{"start":{"line":40,"column":9},"end":{"line":41,"column":11}}]},"3":{"type":"branch","line":16,"loc":{"start":{"line":16,"column":44},"end":{"line":16,"column":82}},"locations":[{"start":{"line":16,"column":44},"end":{"line":16,"column":82}}]},"4":{"type":"branch","line":17,"loc":{"start":{"line":17,"column":12},"end":{"line":30,"column":5}},"locations":[{"start":{"line":17,"column":12},"end":{"line":30,"column":5}}]},"5":{"type":"branch","line":18,"loc":{"start":{"line":18,"column":22},"end":{"line":28,"column":6}},"locations":[{"start":{"line":18,"column":22},"end":{"line":28,"column":6}}]},"6":{"type":"branch","line":21,"loc":{"start":{"line":21,"column":83},"end":{"line":27,"column":7}},"locations":[{"start":{"line":21,"column":83},"end":{"line":27,"column":7}}]}},"b":{"0":[3],"1":[2],"2":[2],"3":[2],"4":[2],"5":[2],"6":[0]},"fnMap":{"0":{"name":"App","decl":{"start":{"line":11,"column":0},"end":{"line":52,"column":1}},"loc":{"start":{"line":11,"column":0},"end":{"line":52,"column":1}},"line":11},"1":{"name":"fetchData","decl":{"start":{"line":18,"column":22},"end":{"line":28,"column":6}},"loc":{"start":{"line":18,"column":22},"end":{"line":28,"column":6}},"line":18}},"f":{"0":3,"1":2}}
,"C:\\Users\\Usuario\\Desktop\\pokeapi\\src\\tests\\application\\application_service\\GetAllPokemons.test.tsx": {"path":"C:\\Users\\Usuario\\Desktop\\pokeapi\\src\\tests\\application\\application_service\\GetAllPokemons.test.tsx","all":false,"statementMap":{"0":{"start":{"line":1,"column":0},"end":{"line":1,"column":50}},"7":{"start":{"line":8,"column":0},"end":{"line":8,"column":44}},"11":{"start":{"line":12,"column":0},"end":{"line":12,"column":48}},"12":{"start":{"line":13,"column":0},"end":{"line":13,"column":31}},"13":{"start":{"line":14,"column":0},"end":{"line":14,"column":31}},"14":{"start":{"line":15,"column":0},"end":{"line":15,"column":69}},"15":{"start":{"line":16,"column":0},"end":{"line":16,"column":67}},"16":{"start":{"line":17,"column":0},"end":{"line":17,"column":3}},"18":{"start":{"line":19,"column":0},"end":{"line":19,"column":54}},"19":{"start":{"line":20,"column":0},"end":{"line":20,"column":34}},"20":{"start":{"line":21,"column":0},"end":{"line":21,"column":43}},"21":{"start":{"line":22,"column":0},"end":{"line":22,"column":54}},"22":{"start":{"line":23,"column":0},"end":{"line":23,"column":35}},"23":{"start":{"line":24,"column":0},"end":{"line":24,"column":36}},"24":{"start":{"line":25,"column":0},"end":{"line":25,"column":49}},"25":{"start":{"line":26,"column":0},"end":{"line":26,"column":52}},"27":{"start":{"line":28,"column":0},"end":{"line":28,"column":44}},"28":{"start":{"line":29,"column":0},"end":{"line":29,"column":74}},"29":{"start":{"line":30,"column":0},"end":{"line":30,"column":57}},"30":{"start":{"line":31,"column":0},"end":{"line":31,"column":80}},"31":{"start":{"line":32,"column":0},"end":{"line":32,"column":75}},"33":{"start":{"line":34,"column":0},"end":{"line":34,"column":57}},"34":{"start":{"line":35,"column":0},"end":{"line":35,"column":108}},"35":{"start":{"line":36,"column":0},"end":{"line":36,"column":82}},"37":{"start":{"line":38,"column":0},"end":{"line":38,"column":51}},"38":{"start":{"line":39,"column":0},"end":{"line":39,"column":64}},"40":{"start":{"line":41,"column":0},"end":{"line":41,"column":37}},"41":{"start":{"line":42,"column":0},"end":{"line":42,"column":66}},"43":{"start":{"line":44,"column":0},"end":{"line":44,"column":48}},"44":{"start":{"line":45,"column":0},"end":{"line":45,"column":75}},"46":{"start":{"line":47,"column":0},"end":{"line":47,"column":83}},"47":{"start":{"line":48,"column":0},"end":{"line":48,"column":61}},"49":{"start":{"line":50,"column":0},"end":{"line":50,"column":83}},"50":{"start":{"line":51,"column":0},"end":{"line":51,"column":55}},"51":{"start":{"line":52,"column":0},"end":{"line":52,"column":38}},"52":{"start":{"line":53,"column":0},"end":{"line":53,"column":35}},"54":{"start":{"line":55,"column":0},"end":{"line":55,"column":5}},"55":{"start":{"line":56,"column":0},"end":{"line":56,"column":3}}},"s":{"0":1,"7":1,"11":1,"12":1,"13":1,"14":1,"15":1,"16":1,"18":1,"19":1,"20":1,"21":1,"22":1,"23":1,"24":1,"25":1,"27":1,"28":1,"29":1,"30":1,"31":1,"33":1,"34":1,"35":1,"37":1,"38":1,"40":1,"41":1,"43":1,"44":1,"46":1,"47":1,"49":1,"50":1,"51":1,"52":1,"54":1,"55":1},"branchMap":{"0":{"type":"branch","line":28,"loc":{"start":{"line":28,"column":37},"end":{"line":56,"column":3}},"locations":[{"start":{"line":28,"column":37},"end":{"line":56,"column":3}}]},"1":{"type":"branch","line":29,"loc":{"start":{"line":29,"column":61},"end":{"line":55,"column":5}},"locations":[{"start":{"line":29,"column":61},"end":{"line":55,"column":5}}]}},"b":{"0":[1],"1":[1]},"fnMap":{},"f":{}}
,"C:\\Users\\Usuario\\Desktop\\pokeapi\\src\\tests\\application\\usecase\\GetPokemonDetailsUseCase.test.tsx": {"path":"C:\\Users\\Usuario\\Desktop\\pokeapi\\src\\tests\\application\\usecase\\GetPokemonDetailsUseCase.test.tsx","all":false,"statementMap":{"0":{"start":{"line":1,"column":0},"end":{"line":1,"column":50}},"6":{"start":{"line":7,"column":0},"end":{"line":7,"column":28}},"9":{"start":{"line":10,"column":0},"end":{"line":10,"column":40}},"10":{"start":{"line":11,"column":0},"end":{"line":11,"column":71}},"11":{"start":{"line":12,"column":0},"end":{"line":12,"column":69}},"12":{"start":{"line":13,"column":0},"end":{"line":13,"column":2}},"14":{"start":{"line":15,"column":0},"end":{"line":15,"column":54}},"15":{"start":{"line":16,"column":0},"end":{"line":16,"column":34}},"16":{"start":{"line":17,"column":0},"end":{"line":17,"column":43}},"17":{"start":{"line":18,"column":0},"end":{"line":18,"column":54}},"18":{"start":{"line":19,"column":0},"end":{"line":19,"column":35}},"19":{"start":{"line":20,"column":0},"end":{"line":20,"column":36}},"20":{"start":{"line":21,"column":0},"end":{"line":21,"column":49}},"21":{"start":{"line":22,"column":0},"end":{"line":22,"column":52}},"23":{"start":{"line":24,"column":0},"end":{"line":24,"column":41}},"24":{"start":{"line":25,"column":0},"end":{"line":25,"column":62}},"25":{"start":{"line":26,"column":0},"end":{"line":26,"column":73}},"26":{"start":{"line":27,"column":0},"end":{"line":27,"column":112}},"27":{"start":{"line":28,"column":0},"end":{"line":28,"column":76}},"29":{"start":{"line":30,"column":0},"end":{"line":30,"column":52}},"30":{"start":{"line":31,"column":0},"end":{"line":31,"column":62}},"32":{"start":{"line":33,"column":0},"end":{"line":33,"column":49}},"33":{"start":{"line":34,"column":0},"end":{"line":34,"column":89}},"35":{"start":{"line":36,"column":0},"end":{"line":36,"column":52}},"36":{"start":{"line":37,"column":0},"end":{"line":37,"column":79}},"38":{"start":{"line":39,"column":0},"end":{"line":39,"column":99}},"39":{"start":{"line":40,"column":0},"end":{"line":40,"column":79}},"40":{"start":{"line":41,"column":0},"end":{"line":41,"column":7}},"41":{"start":{"line":42,"column":0},"end":{"line":42,"column":3}}},"s":{"0":1,"6":1,"9":1,"10":1,"11":1,"12":1,"14":1,"15":1,"16":1,"17":1,"18":1,"19":1,"20":1,"21":1,"23":1,"24":1,"25":1,"26":1,"27":1,"29":1,"30":1,"32":1,"33":1,"35":1,"36":1,"38":1,"39":1,"40":1,"41":1},"branchMap":{"0":{"type":"branch","line":24,"loc":{"start":{"line":24,"column":34},"end":{"line":42,"column":3}},"locations":[{"start":{"line":24,"column":34},"end":{"line":42,"column":3}}]},"1":{"type":"branch","line":25,"loc":{"start":{"line":25,"column":49},"end":{"line":41,"column":7}},"locations":[{"start":{"line":25,"column":49},"end":{"line":41,"column":7}}]}},"b":{"0":[1],"1":[1]},"fnMap":{},"f":{}}
,"C:\\Users\\Usuario\\Desktop\\pokeapi\\src\\tests\\application\\usecase\\GetPokemonUseCase.test.tsx": {"path":"C:\\Users\\Usuario\\Desktop\\pokeapi\\src\\tests\\application\\usecase\\GetPokemonUseCase.test.tsx","all":false,"statementMap":{"0":{"start":{"line":1,"column":0},"end":{"line":1,"column":50}},"5":{"start":{"line":6,"column":0},"end":{"line":6,"column":22}},"8":{"start":{"line":9,"column":0},"end":{"line":9,"column":59}},"9":{"start":{"line":10,"column":0},"end":{"line":10,"column":48}},"10":{"start":{"line":11,"column":0},"end":{"line":11,"column":31}},"11":{"start":{"line":12,"column":0},"end":{"line":12,"column":33}},"12":{"start":{"line":13,"column":0},"end":{"line":13,"column":37}},"13":{"start":{"line":14,"column":0},"end":{"line":14,"column":31}},"14":{"start":{"line":15,"column":0},"end":{"line":15,"column":69}},"15":{"start":{"line":16,"column":0},"end":{"line":16,"column":67}},"16":{"start":{"line":17,"column":0},"end":{"line":17,"column":3}},"18":{"start":{"line":19,"column":0},"end":{"line":19,"column":41}},"19":{"start":{"line":20,"column":0},"end":{"line":20,"column":66}},"20":{"start":{"line":21,"column":0},"end":{"line":21,"column":60}},"21":{"start":{"line":22,"column":0},"end":{"line":22,"column":74}},"22":{"start":{"line":23,"column":0},"end":{"line":23,"column":57}},"24":{"start":{"line":25,"column":0},"end":{"line":25,"column":48}},"25":{"start":{"line":26,"column":0},"end":{"line":26,"column":58}},"27":{"start":{"line":28,"column":0},"end":{"line":28,"column":38}},"28":{"start":{"line":29,"column":0},"end":{"line":29,"column":64}},"30":{"start":{"line":31,"column":0},"end":{"line":31,"column":48}},"31":{"start":{"line":32,"column":0},"end":{"line":32,"column":47}},"33":{"start":{"line":34,"column":0},"end":{"line":34,"column":86}},"34":{"start":{"line":35,"column":0},"end":{"line":35,"column":55}},"35":{"start":{"line":36,"column":0},"end":{"line":36,"column":5}},"36":{"start":{"line":37,"column":0},"end":{"line":37,"column":3}}},"s":{"0":1,"5":1,"8":1,"9":1,"10":1,"11":1,"12":1,"13":1,"14":1,"15":1,"16":1,"18":1,"19":1,"20":1,"21":1,"22":1,"24":1,"25":1,"27":1,"28":1,"30":1,"31":1,"33":1,"34":1,"35":1,"36":1},"branchMap":{"0":{"type":"branch","line":19,"loc":{"start":{"line":19,"column":34},"end":{"line":37,"column":3}},"locations":[{"start":{"line":19,"column":34},"end":{"line":37,"column":3}}]},"1":{"type":"branch","line":20,"loc":{"start":{"line":20,"column":53},"end":{"line":36,"column":5}},"locations":[{"start":{"line":20,"column":53},"end":{"line":36,"column":5}}]}},"b":{"0":[1],"1":[1]},"fnMap":{},"f":{}}
,"C:\\Users\\Usuario\\Desktop\\pokeapi\\src\\tests\\infrastructure\\GetPokemons.test.tsx": {"path":"C:\\Users\\Usuario\\Desktop\\pokeapi\\src\\tests\\infrastructure\\GetPokemons.test.tsx","all":false,"statementMap":{"0":{"start":{"line":1,"column":0},"end":{"line":1,"column":50}},"6":{"start":{"line":7,"column":0},"end":{"line":7,"column":16}},"9":{"start":{"line":10,"column":0},"end":{"line":10,"column":61}},"10":{"start":{"line":11,"column":0},"end":{"line":11,"column":25}},"11":{"start":{"line":12,"column":0},"end":{"line":12,"column":14}},"12":{"start":{"line":13,"column":0},"end":{"line":13,"column":75}},"13":{"start":{"line":14,"column":0},"end":{"line":14,"column":73}},"14":{"start":{"line":15,"column":0},"end":{"line":15,"column":6}},"15":{"start":{"line":16,"column":0},"end":{"line":16,"column":13}},"16":{"start":{"line":17,"column":0},"end":{"line":17,"column":15}},"17":{"start":{"line":18,"column":0},"end":{"line":18,"column":19}},"18":{"start":{"line":19,"column":0},"end":{"line":19,"column":2}},"20":{"start":{"line":21,"column":0},"end":{"line":21,"column":51}},"21":{"start":{"line":22,"column":0},"end":{"line":22,"column":34}},"22":{"start":{"line":23,"column":0},"end":{"line":23,"column":36}},"23":{"start":{"line":24,"column":0},"end":{"line":24,"column":40}},"24":{"start":{"line":25,"column":0},"end":{"line":25,"column":34}},"25":{"start":{"line":26,"column":0},"end":{"line":26,"column":71}},"26":{"start":{"line":27,"column":0},"end":{"line":27,"column":69}},"27":{"start":{"line":28,"column":0},"end":{"line":28,"column":3}},"29":{"start":{"line":30,"column":0},"end":{"line":30,"column":31}},"30":{"start":{"line":31,"column":0},"end":{"line":31,"column":65}},"31":{"start":{"line":32,"column":0},"end":{"line":32,"column":82}},"32":{"start":{"line":33,"column":0},"end":{"line":33,"column":33}},"34":{"start":{"line":35,"column":0},"end":{"line":35,"column":46}},"36":{"start":{"line":37,"column":0},"end":{"line":37,"column":69}},"37":{"start":{"line":38,"column":0},"end":{"line":38,"column":89}},"39":{"start":{"line":40,"column":0},"end":{"line":40,"column":60}},"41":{"start":{"line":42,"column":0},"end":{"line":42,"column":54}},"43":{"start":{"line":44,"column":0},"end":{"line":44,"column":50}},"44":{"start":{"line":45,"column":0},"end":{"line":45,"column":64}},"48":{"start":{"line":49,"column":0},"end":{"line":49,"column":72}},"49":{"start":{"line":50,"column":0},"end":{"line":50,"column":7}},"50":{"start":{"line":51,"column":0},"end":{"line":51,"column":3}}},"s":{"0":1,"6":1,"9":1,"10":1,"11":1,"12":1,"13":1,"14":1,"15":1,"16":1,"17":1,"18":1,"20":1,"21":1,"22":1,"23":1,"24":1,"25":1,"26":1,"27":1,"29":1,"30":1,"31":1,"32":1,"34":1,"36":1,"37":1,"39":1,"41":1,"43":1,"44":1,"48":1,"49":1,"50":1},"branchMap":{"0":{"type":"branch","line":30,"loc":{"start":{"line":30,"column
[...]
,"C:\\Users\\Usuario\\Desktop\\pokeapi\\src\\tests\\presentation\\main.test.tsx": {"path":"C:\\Users\\Usuario\\Desktop\\pokeapi\\src\\tests\\presentation\\main.test.tsx","all":false,"statementMap":{"0":{"start":{"line":1,"column":0},"end":{"line":1,"column":35}},"1":{"start":{"line":2,"column":0},"end":{"line":2,"column":46}},"2":{"start":{"line":3,"column":0},"end":{"line":3,"column":96}},"3":{"start":{"line":4,"column":0},"end":{"line":4,"column":80}},"5":{"start":{"line":6,"column":0},"end":{"line":6,"column":23}},"6":{"start":{"line":7,"column":0},"end":{"line":7,"column":33}},"7":{"start":{"line":8,"column":0},"end":{"line":8,"column":52}},"8":{"start":{"line":9,"column":0},"end":{"line":9,"column":52}},"9":{"start":{"line":10,"column":0},"end":{"line":10,"column":41}},"11":{"start":{"line":12,"column":0},"end":{"line":12,"column":53}},"12":{"start":{"line":13,"column":0},"end":{"line":13,"column":33}},"13":{"start":{"line":14,"column":0},"end":{"line":14,"column":18}},"14":{"start":{"line":15,"column":0},"end":{"line":15,"column":25}},"15":{"start":{"line":16,"column":0},"end":{"line":16,"column":17}},"20":{"start":{"line":21,"column":0},"end":{"line":21,"column":68}},"21":{"start":{"line":22,"column":0},"end":{"line":22,"column":70}},"22":{"start":{"line":23,"column":0},"end":{"line":23,"column":5}},"23":{"start":{"line":24,"column":0},"end":{"line":24,"column":3}}},"s":{"0":1,"1":1,"2":1,"3":1,"5":1,"6":1,"7":1,"8":1,"9":1,"11":1,"12":1,"13":1,"14":1,"15":1,"20":1,"21":1,"22":1,"23":1},"branchMap":{"0":{"type":"branch","line":6,"loc":{"start":{"line":6,"column":16},"end":{"line":24,"column":3}},"locations":[{"start":{"line":6,"column":16},"end":{"line":24,"column":3}}]},"1":{"type":"branch","line":7,"loc":{"start":{"line":7,"column":26},"end":{"line":23,"column":5}},"locations":[{"start":{"line":7,"column":26},"end":{"line":23,"column":5}}]}},"b":{"0":[1],"1":[1]},"fnMap":{},"f":{}}
,"C:\\Users\\Usuario\\Desktop\\pokeapi\\src\\tests\\presentation\\atoms\\Button.test.tsx": {"path":"C:\\Users\\Usuario\\Desktop\\pokeapi\\src\\tests\\presentation\\atoms\\Button.test.tsx","all":false,"statementMap":{"0":{"start":{"line":1,"column":0},"end":{"line":1,"column":35}},"2":{"start":{"line":3,"column":0},"end":{"line":3,"column":56}},"3":{"start":{"line":4,"column":0},"end":{"line":4,"column":52}},"4":{"start":{"line":5,"column":0},"end":{"line":5,"column":50}},"5":{"start":{"line":6,"column":0},"end":{"line":6,"column":67}},"7":{"start":{"line":8,"column":0},"end":{"line":8,"column":36}},"8":{"start":{"line":9,"column":0},"end":{"line":9,"column":33}},"9":{"start":{"line":10,"column":0},"end":{"line":10,"column":85}},"10":{"start":{"line":11,"column":0},"end":{"line":11,"column":61}},"11":{"start":{"line":12,"column":0},"end":{"line":12,"column":5}},"13":{"start":{"line":14,"column":0},"end":{"line":14,"column":42}},"14":{"start":{"line":15,"column":0},"end":{"line":15,"column":33}},"15":{"start":{"line":16,"column":0},"end":{"line":16,"column":65}},"16":{"start":{"line":17,"column":0},"end":{"line":17,"column":56}},"17":{"start":{"line":18,"column":0},"end":{"line":18,"column":49}},"18":{"start":{"line":19,"column":0},"end":{"line":19,"column":5}},"19":{"start":{"line":20,"column":0},"end":{"line":20,"column":3}}},"s":{"0":1,"2":1,"3":1,"4":1,"5":1,"7":1,"8":1,"9":1,"10":1,"11":1,"13":1,"14":1,"15":1,"16":1,"17":1,"18":1,"19":1},"branchMap":{"0":{"type":"branch","line":8,"loc":{"start":{"line":8,"column":29},"end":{"line":20,"column":3}},"locations":[{"start":{"line":8,"column":29},"end":{"line":20,"column":3}}]},"1":{"type":"branch","line":9,"loc":{"start":{"line":9,"column":26},"end":{"line":12,"column":5}},"locations":[{"start":{"line":9,"column":26},"end":{"line":12,"column":5}}]},"2":{"type":"branch","line":14,"loc":{"start":{"line":14,"column":29},"end":{"line":19,"column":5}},"locations":[{"start":{"line":14,"column":29},"end":{"line":19,"column":5}}]}},"b":{"0":[1],"1":[1],"2":[1]},"fnMap":{"0":{"name":"onClick","decl":{"start":{"line":10,"column":63},"end":{"line":10,"column":85}},"loc":{"start":{"line":10,"column":63},"end":{"line":10,"column":85}},"line":10}},"f":{"0":0}}
,"C:\\Users\\Usuario\\Desktop\\pokeapi\\src\\tests\\presentation\\atoms\\Card.test.tsx": {"path":"C:\\Users\\Usuario\\Desktop\\pokeapi\\src\\tests\\presentation\\atoms\\Card.test.tsx","all":false,"statementMap":{"0":{"start":{"line":1,"column":0},"end":{"line":1,"column":67}},"1":{"start":{"line":2,"column":0},"end":{"line":2,"column":81}},"2":{"start":{"line":3,"column":0},"end":{"line":3,"column":61}},"4":{"start":{"line":5,"column":0},"end":{"line":5,"column":60}},"5":{"start":{"line":6,"column":0},"end":{"line":6,"column":46}},"6":{"start":{"line":7,"column":0},"end":{"line":7,"column":33}},"7":{"start":{"line":8,"column":0},"end":{"line":8,"column":38}},"8":{"start":{"line":9,"column":0},"end":{"line":9,"column":37}},"9":{"start":{"line":10,"column":0},"end":{"line":10,"column":27}},"10":{"start":{"line":11,"column":0},"end":{"line":11,"column":28}},"11":{"start":{"line":12,"column":0},"end":{"line":12,"column":56}},"13":{"start":{"line":14,"column":0},"end":{"line":14,"column":70}},"15":{"start":{"line":16,"column":0},"end":{"line":16,"column":47}},"16":{"start":{"line":17,"column":0},"end":{"line":17,"column":52}},"18":{"start":{"line":19,"column":0},"end":{"line":19,"column":59}},"19":{"start":{"line":20,"column":0},"end":{"line":20,"column":3}},"21":{"start":{"line":22,"column":0},"end":{"line":22,"column":56}},"22":{"start":{"line":23,"column":0},"end":{"line":23,"column":46}},"23":{"start":{"line":24,"column":0},"end":{"line":24,"column":36}},"24":{"start":{"line":25,"column":0},"end":{"line":25,"column":41}},"25":{"start":{"line":26,"column":0},"end":{"line":26,"column":33}},"26":{"start":{"line":27,"column":0},"end":{"line":27,"column":27}},"27":{"start":{"line":28,"column":0},"end":{"line":28,"column":28}},"28":{"start":{"line":29,"column":0},"end":{"line":29,"column":53}},"29":{"start":{"line":30,"column":0},"end":{"line":30,"column":27}},"30":{"start":{"line":31,"column":0},"end":{"line":31,"column":41}},"32":{"start":{"line":33,"column":0},"end":{"line":33,"column":41}},"34":{"start":{"line":35,"column":0},"end":{"line":35,"column":42}},"35":{"start":{"line":36,"column":0},"end":{"line":36,"column":24}},"37":{"start":{"line":38,"column":0},"end":{"line":38,"column":66}},"38":{"start":{"line":39,"column":0},"end":{"line":39,"column":65}},"39":{"start":{"line":40,"column":0},"end":{"line":40,"column":64}},"40":{"start":{"line":41,"column":0},"end":{"line":41,"column":3}}},"s":{"0":1,"1":1,"2":1,"4":1,"5":1,"6":1,"7":1,"8":1,"9":1,"10":1,"11":1,"13":1,"15":1,"16":1,"18":1,"19":1,"21":1,"22":1,"23":1,"24":1,"25":1,"26":1,"27":1,"28":1,"29":1,"30":1,"32":1,"34":1,"35":1,"37":1,"38":1,"39":1,"40":1},"branchMap":{"0":{"type":"branch","line":5,"loc":{"start":{"line":5,"column":53},"end":{"line":20,"column":3}},"locations":[{"start":{"line":5,"column":53},"end":{"line":20,"column":3}}]},"1":{"type":"branch","line":22,"loc":{"start":{"line":22,"column":49},"end":{"line":41,"column":3}},"locations":[{"start":{"line":22,"column":49},"end":{"line":41,"column":3}}]}},"b":{"0":[1],"1":[1]},"fnMap":{},"f":{}}
,"C:\\Users\\Usuario\\Desktop\\pokeapi\\src\\tests\\presentation\\atoms\\Img.test.tsx": {"path":"C:\\Users\\Usuario\\Desktop\\pokeapi\\src\\tests\\presentation\\atoms\\Img.test.tsx","all":false,"statementMap":{"0":{"start":{"line":1,"column":0},"end":{"line":1,"column":56}},"2":{"start":{"line":3,"column":0},"end":{"line":3,"column":58}},"4":{"start":{"line":5,"column":0},"end":{"line":5,"column":33}},"5":{"start":{"line":6,"column":0},"end":{"line":6,"column":53}},"6":{"start":{"line":7,"column":0},"end":{"line":7,"column":29}},"7":{"start":{"line":8,"column":0},"end":{"line":8,"column":45}},"8":{"start":{"line":9,"column":0},"end":{"line":9,"column":22}},"9":{"start":{"line":10,"column":0},"end":{"line":10,"column":21}},"10":{"start":{"line":11,"column":0},"end":{"line":11,"column":6}},"12":{"start":{"line":13,"column":0},"end":{"line":13,"column":31}},"14":{"start":{"line":15,"column":0},"end":{"line":15,"column":55}},"16":{"start":{"line":17,"column":0},"end":{"line":17,"column":43}},"17":{"start":{"line":18,"column":0},"end":{"line":18,"column":57}},"18":{"start":{"line":19,"column":0},"end":{"line":19,"column":63}},"19":{"start":{"line":20,"column":0},"end":{"line":20,"column":61}},"20":{"start":{"line":21,"column":0},"end":{"line":21,"column":5}},"22":{"start":{"line":23,"column":0},"end":{"line":23,"column":45}},"23":{"start":{"line":24,"column":0},"end":{"line":24,"column":29}},"24":{"start":{"line":25,"column":0},"end":{"line":25,"column":45}},"25":{"start":{"line":26,"column":0},"end":{"line":26,"column":22}},"26":{"start":{"line":27,"column":0},"end":{"line":27,"column":21}},"27":{"start":{"line":28,"column":0},"end":{"line":28,"column":6}},"29":{"start":{"line":30,"column":0},"end":{"line":30,"column":31}},"31":{"start":{"line":32,"column":0},"end":{"line":32,"column":55}},"33":{"start":{"line":34,"column":0},"end":{"line":34,"column":58}},"34":{"start":{"line":35,"column":0},"end":{"line":35,"column":5}},"35":{"start":{"line":36,"column":0},"end":{"line":36,"column":3}}},"s":{"0":1,"2":1,"4":1,"5":1,"6":1,"7":1,"8":1,"9":1,"10":1,"12":1,"14":1,"16":1,"17":1,"18":1,"19":1,"20":1,"22":1,"23":1,"24":1,"25":1,"26":1,"27":1,"29":1,"31":1,"33":1,"34":1,"35":1},"branchMap":{"0":{"type":"branch","line":5,"loc":{"start":{"line":5,"column":26},"end":{"line":36,"column":3}},"locations":[{"start":{"line":5,"column":26},"end":{"line":36,"column":3}}]},"1":{"type":"branch","line":6,"loc":{"start":{"line":6,"column":46},"end":{"line":21,"column":5}},"locations":[{"start":{"line":6,"column":46},"end":{"line":21,"column":5}}]},"2":{"type":"branch","line":23,"loc":{"start":{"line":23,"column":38},"end":{"line":35,"column":5}},"locations":[{"start":{"line":23,"column":38},"end":{"line":35,"column":5}}]}},"b":{"0":[1],"1":[1],"2":[1]},"fnMap":{},"f":{}}
,"C:\\Users\\Usuario\\Desktop\\pokeapi\\src\\tests\\presentation\\atoms\\Input.test.tsx": {"path":"C:\\Users\\Usuario\\Desktop\\pokeapi\\src\\tests\\presentation\\atoms\\Input.test.tsx","all":false,"statementMap":{"0":{"start":{"line":1,"column":0},"end":{"line":1,"column":66}},"1":{"start":{"line":2,"column":0},"end":{"line":2,"column":65}},"2":{"start":{"line":3,"column":0},"end":{"line":3,"column":50}},"4":{"start":{"line":5,"column":0},"end":{"line":5,"column":35}},"5":{"start":{"line":6,"column":0},"end":{"line":6,"column":52}},"6":{"start":{"line":7,"column":0},"end":{"line":7,"column":76}},"7":{"start":{"line":8,"column":0},"end":{"line":8,"column":74}},"8":{"start":{"line":9,"column":0},"end":{"line":9,"column":5}},"10":{"start":{"line":11,"column":0},"end":{"line":11,"column":58}},"11":{"start":{"line":12,"column":0},"end":{"line":12,"column":34}},"13":{"start":{"line":14,"column":0},"end":{"line":14,"column":85}},"15":{"start":{"line":16,"column":0},"end":{"line":16,"column":65}},"16":{"start":{"line":17,"column":0},"end":{"line":17,"column":36}},"17":{"start":{"line":18,"column":0},"end":{"line":18,"column":7}},"19":{"start":{"line":20,"column":0},"end":{"line":20,"column":44}},"20":{"start":{"line":21,"column":0},"end":{"line":21,"column":5}},"22":{"start":{"line":23,"column":0},"end":{"line":23,"column":42}},"23":{"start":{"line":24,"column":0},"end":{"line":24,"column":86}},"24":{"start":{"line":25,"column":0},"end":{"line":25,"column":71}},"25":{"start":{"line":26,"column":0},"end":{"line":26,"column":5}},"26":{"start":{"line":27,"column":0},"end":{"line":27,"column":3}}},"s":{"0":1,"1":1,"2":1,"4":1,"5":1,"6":1,"7":1,"8":1,"10":1,"11":1,"13":1,"15":1,"16":1,"17":1,"19":1,"20":1,"22":1,"23":1,"24":1,"25":1,"26":1},"branchMap":{"0":{"type":"branch","line":5,"loc":{"start":{"line":5,"column":28},"end":{"line":27,"column":3}},"locations":[{"start":{"line":5,"column":28},"end":{"line":27,"column":3}}]},"1":{"type":"branch","line":6,"loc":{"start":{"line":6,"column":45},"end":{"line":9,"column":5}},"locations":[{"start":{"line":6,"column":45},"end":{"line":9,"column":5}}]},"2":{"type":"branch","line":11,"loc":{"start":{"line":11,"column":51},"end":{"line":21,"column":5}},"locations":[{"start":{"line":11,"column":51},"end":{"line":21,"column":5}}]},"3":{"type":"branch","line":23,"loc":{"start":{"line":23,"column":35},"end":{"line":26,"column":5}},"locations":[{"start":{"line":23,"column":35},"end":{"line":26,"column":5}}]}},"b":{"0":[1],"1":[1],"2":[1],"3":[1]},"fnMap":{"0":{"name":"onChange","decl":{"start":{"line":7,"column":62},"end":{"line":7,"column":76}},"loc":{"start":{"line":7,"column":62},"end":{"line":7,"column":76}},"line":7},"1":{"name":"onChange","decl":{"start":{"line":24,"column":72},"end":{"line":24,"column":86}},"loc":{"start":{"line":24,"column":72},"end":{"line":24,"column":86}},"line":24}},"f":{"0":0,"1":0}}
,"C:\\Users\\Usuario\\Desktop\\pokeapi\\src\\tests\\presentation\\atoms\\Loading.test.tsx": {"path":"C:\\Users\\Usuario\\Desktop\\pokeapi\\src\\tests\\presentation\\atoms\\Loading.test.tsx","all":false,"statementMap":{"0":{"start":{"line":1,"column":0},"end":{"line":1,"column":19}},"1":{"start":{"line":2,"column":0},"end":{"line":2,"column":56}},"2":{"start":{"line":3,"column":0},"end":{"line":3,"column":70}},"4":{"start":{"line":5,"column":0},"end":{"line":5,"column":37}},"5":{"start":{"line":6,"column":0},"end":{"line":6,"column":39}},"6":{"start":{"line":7,"column":0},"end":{"line":7,"column":24}},"8":{"start":{"line":9,"column":0},"end":{"line":9,"column":47}},"9":{"start":{"line":10,"column":0},"end":{"line":10,"column":47}},"10":{"start":{"line":11,"column":0},"end":{"line":11,"column":43}},"11":{"start":{"line":12,"column":0},"end":{"line":12,"column":5}},"12":{"start":{"line":13,"column":0},"end":{"line":13,"column":3}}},"s":{"0":1,"1":1,"2":1,"4":1,"5":1,"6":1,"8":1,"9":1,"10":1,"11":1,"12":1},"branchMap":{"0":{"type":"branch","line":5,"loc":{"start":{"line":5,"column":30},"end":{"line":13,"column":3}},"locations":[{"start":{"line":5,"column":30},"end":{"line":13,"column":3}}]},"1":{"type":"branch","line":6,"loc":{"start":{"line":6,"column":32},"end":{"line":12,"column":5}},"locations":[{"start":{"line":6,"column":32},"end":{"line":12,"column":5}}]}},"b":{"0":[1],"1":[1]},"fnMap":{},"f":{}}
,"C:\\Users\\Usuario\\Desktop\\pokeapi\\src\\tests\\presentation\\atoms\\Nofound.test.tsx": {"path":"C:\\Users\\Usuario\\Desktop\\pokeapi\\src\\tests\\presentation\\atoms\\Nofound.test.tsx","all":false,"statementMap":{"0":{"start":{"line":1,"column":0},"end":{"line":1,"column":56}},"1":{"start":{"line":2,"column":0},"end":{"line":2,"column":55}},"2":{"start":{"line":3,"column":0},"end":{"line":3,"column":71}},"4":{"start":{"line":5,"column":0},"end":{"line":5,"column":38}},"5":{"start":{"line":6,"column":0},"end":{"line":6,"column":51}},"6":{"start":{"line":7,"column":0},"end":{"line":7,"column":29}},"8":{"start":{"line":9,"column":0},"end":{"line":9,"column":59}},"9":{"start":{"line":10,"column":0},"end":{"line":10,"column":47}},"10":{"start":{"line":11,"column":0},"end":{"line":11,"column":64}},"11":{"start":{"line":12,"column":0},"end":{"line":12,"column":62}},"12":{"start":{"line":13,"column":0},"end":{"line":13,"column":61}},"14":{"start":{"line":15,"column":0},"end":{"line":15,"column":73}},"15":{"start":{"line":16,"column":0},"end":{"line":16,"column":51}},"16":{"start":{"line":17,"column":0},"end":{"line":17,"column":7}},"17":{"start":{"line":18,"column":0},"end":{"line":18,"column":3}}},"s":{"0":1,"1":1,"2":1,"4":1,"5":1,"6":1,"8":1,"9":1,"10":1,"11":1,"12":1,"14":1,"15":1,"16":1,"17":1},"branchMap":{"0":{"type":"branch","line":5,"loc":{"start":{"line":5,"column":31},"end":{"line":18,"column":3}},"locations":[{"start":{"line":5,"column":31},"end":{"line":18,"column":3}}]},"1":{"type":"branch","line":6,"loc":{"start":{"line":6,"column":44},"end":{"line":17,"column":7}},"locations":[{"start":{"line":6,"column":44},"end":{"line":17,"column":7}}]}},"b":{"0":[1],"1":[1]},"fnMap":{},"f":{}}
,"C:\\Users\\Usuario\\Desktop\\pokeapi\\src\\tests\\presentation\\molecules\\Pagination.test.tsx": {"path":"C:\\Users\\Usuario\\Desktop\\pokeapi\\src\\tests\\presentation\\molecules\\Pagination.test.tsx","all":false,"statementMap":{"0":{"start":{"line":1,"column":0},"end":{"line":1,"column":67}},"1":{"start":{"line":2,"column":0},"end":{"line":2,"column":28}},"2":{"start":{"line":3,"column":0},"end":{"line":3,"column":83}},"3":{"start":{"line":4,"column":0},"end":{"line":4,"column":79}},"5":{"start":{"line":6,"column":0},"end":{"line":6,"column":40}},"6":{"start":{"line":7,"column":0},"end":{"line":7,"column":39}},"8":{"start":{"line":9,"column":0},"end":{"line":9,"column":56}},"9":{"start":{"line":10,"column":0},"end":{"line":10,"column":22}},"10":{"start":{"line":11,"column":0},"end":{"line":11,"column":29}},"11":{"start":{"line":12,"column":0},"end":{"line":12,"column":20}},"14":{"start":{"line":15,"column":0},"end":{"line":15,"column":6}},"16":{"start":{"line":17,"column":0},"end":{"line":17,"column":54}},"17":{"start":{"line":18,"column":0},"end":{"line":18,"column":26}},"18":{"start":{"line":19,"column":0},"end":{"line":19,"column":78}},"21":{"start":{"line":22,"column":0},"end":{"line":22,"column":75}},"22":{"start":{"line":23,"column":0},"end":{"line":23,"column":49}},"24":{"start":{"line":25,"column":0},"end":{"line":25,"column":58}},"25":{"start":{"line":26,"column":0},"end":{"line":26,"column":54}},"26":{"start":{"line":27,"column":0},"end":{"line":27,"column":7}},"28":{"start":{"line":29,"column":0},"end":{"line":29,"column":49}},"29":{"start":{"line":30,"column":0},"end":{"line":30,"column":26}},"30":{"start":{"line":31,"column":0},"end":{"line":31,"column":78}},"33":{"start":{"line":34,"column":0},"end":{"line":34,"column":75}},"34":{"start":{"line":35,"column":0},"end":{"line":35,"column":73}},"36":{"start":{"line":37,"column":0},"end":{"line":37,"column":52}},"37":{"start":{"line":38,"column":0},"end":{"line":38,"column":7}},"39":{"start":{"line":40,"column":0},"end":{"line":40,"column":58}},"40":{"start":{"line":41,"column":0},"end":{"line":41,"column":26}},"41":{"start":{"line":42,"column":0},"end":{"line":42,"column":78}},"44":{"start":{"line":45,"column":0},"end":{"line":45,"column":56}},"45":{"start":{"line":46,"column":0},"end":{"line":46,"column":49}},"46":{"start":{"line":47,"column":0},"end":{"line":47,"column":7}},"47":{"start":{"line":48,"column":0},"end":{"line":48,"column":3}}},"s":{"0":1,"1":1,"2":1,"3":1,"5":1,"6":1,"8":1,"9":3,"10":3,"11":3,"14":3,"16":1,"17":1,"18":1,"21":1,"22":1,"24":1,"25":1,"26":1,"28":1,"29":1,"30":1,"33":1,"34":1,"36":1,"37":1,"39":1,"40":1,"41":1,"44":1,"45":1,"46":1,"47":1},"branchMap":{"0":{"type":"branch","line":6,"loc":{"start":{"line":6,"column":33},"end":{"line":48,"column":3}},"locations":[{"start":{"line":6,"column":33},"end":{"line":48,"column":3}}]},"1":{"type":"branch","line":9,"loc":{"start":{"line":9,"column":30},"end":{"line":15,"column":6}},"locations":[{"start":{"line":9,"column":30},"end":{"line":15,"column":6}}]},"2":{"type":"branch","line":17,"loc":{"start":{"line":17,"column":47},"end":{"line":27,"column":7}},"locations":[{"start":{"line":17,"column":47},"end":{"line":27,"column":7}}]},"3":{"type":"branch","line":29,"loc":{"start":{"line":29,"column":42},"end":{"line":38,"column":7}},"locations":[{"start":{"line":29,"column":42},"end":{"line":38,"column":7}}]},"4":{"type":"branch","line":40,"loc":{"start":{"line":40,"column":51},"end":{"line":47,"column":7}},"locations":[{"start":{"line":40,"column":51},"end":{"line":47,"column":7}}]}},"b":{"0":[1],"1":[3],"2":[1],"3":[1],"4":[1]},"fnMap":{"0":{"name":"renderWithContext","decl":{"start":{"line":9,"column":30},"end":{"line":15,"column":6}},"loc":{"start":{"line":9,"column":30},"end":{"line":15,"column":6}},"line":9}},"f":{"0":3}}
}
